This is XeTeX, Version 3.141592653-2.6-0.999997 (TeX Live 2025) (preloaded format=xelatex 2025.5.18)  8 JUN 2025 11:39
entering extended mode
 restricted \write18 enabled.
 %&-line parsing enabled.
**main.tex
(./main.tex
LaTeX2e <2024-11-01> patch level 2
L3 programming layer <2025-01-18>
(/usr/local/texlive/2025/texmf-dist/tex/latex/extsizes/extarticle.cls
Document Class: extarticle 1996/10/08 v1.0 Non Standard LaTeX document class
(/usr/local/texlive/2025/texmf-dist/tex/latex/extsizes/size14.clo
File: size14.clo 1999/11/11 v1.4a NON-Standard LaTeX file (size option)
)
(/usr/local/texlive/2025/texmf-dist/tex/latex/base/exscale.sty
Package: exscale 2018/09/24 v2.1i Standard LaTeX package exscale
LaTeX Font Info:    Redeclaring symbol font `largesymbols' on input line 57.
LaTeX Font Info:    Overwriting symbol font `largesymbols' in version `normal'
(Font)                  OMX/cmex/m/n --> OMX/cmex/m/n on input line 57.
LaTeX Font Info:    Overwriting symbol font `largesymbols' in version `bold'
(Font)                  OMX/cmex/m/n --> OMX/cmex/m/n on input line 57.
\big@size=\dimen141
)
\c@part=\count192
\c@section=\count193
\c@subsection=\count194
\c@subsubsection=\count195
\c@paragraph=\count196
\c@subparagraph=\count197
\c@figure=\count198
\c@table=\count199
\abovecaptionskip=\skip49
\belowcaptionskip=\skip50
\bibindent=\dimen142
)

LaTeX Warning: \include should only be used after \begin{document} on input lin
e 13.

(./Settings/packages.tex
(/usr/local/texlive/2025/texmf-dist/tex/latex/polyglossia/polyglossia.sty
Package: polyglossia 2025/01/31 v2.4 Modern multilingual typesetting with XeLaT
eX and LuaLaTeX

(/usr/local/texlive/2025/texmf-dist/tex/latex/etoolbox/etoolbox.sty
Package: etoolbox 2025/02/11 v2.5l e-TeX tools for LaTeX (JAW)
\etb@tempcnta=\count266
)
(/usr/local/texlive/2025/texmf-dist/tex/latex/fontspec/fontspec.sty
(/usr/local/texlive/2025/texmf-dist/tex/latex/l3packages/xparse/xparse.sty
(/usr/local/texlive/2025/texmf-dist/tex/latex/l3kernel/expl3.sty
Package: expl3 2025-01-18 L3 programming layer (loader) 

(/usr/local/texlive/2025/texmf-dist/tex/latex/l3backend/l3backend-xetex.def
File: l3backend-xetex.def 2024-05-08 L3 backend support: XeTeX
\g__graphics_track_int=\count267
\l__pdf_internal_box=\box52
\g__pdf_backend_annotation_int=\count268
\g__pdf_backend_link_int=\count269
))
Package: xparse 2024-08-16 L3 Experimental document command parser
)
Package: fontspec 2024/05/11 v2.9e Font selection for XeLaTeX and LuaLaTeX

(/usr/local/texlive/2025/texmf-dist/tex/latex/fontspec/fontspec-xetex.sty
Package: fontspec-xetex 2024/05/11 v2.9e Font selection for XeLaTeX and LuaLaTe
X
\l__fontspec_script_int=\count270
\l__fontspec_language_int=\count271
\l__fontspec_strnum_int=\count272
\l__fontspec_tmp_int=\count273
\l__fontspec_tmpa_int=\count274
\l__fontspec_tmpb_int=\count275
\l__fontspec_tmpc_int=\count276
\l__fontspec_em_int=\count277
\l__fontspec_emdef_int=\count278
\l__fontspec_strong_int=\count279
\l__fontspec_strongdef_int=\count280
\l__fontspec_tmpa_dim=\dimen143
\l__fontspec_tmpb_dim=\dimen144
\l__fontspec_tmpc_dim=\dimen145

(/usr/local/texlive/2025/texmf-dist/tex/latex/base/fontenc.sty
Package: fontenc 2021/04/29 v2.0v Standard LaTeX package
)
(/usr/local/texlive/2025/texmf-dist/tex/latex/fontspec/fontspec.cfg)))
(/usr/local/texlive/2025/texmf-dist/tex/generic/iftex/iftex.sty
Package: iftex 2024/12/12 v1.0g TeX engine tests
)
\l_xpg_alias_keyvals_int=\count281

(/usr/local/texlive/2025/texmf-dist/tex/latex/polyglossia/gloss-latex.ldf
File: gloss-latex.ldf polyglossia: module for default language
))
(/usr/local/texlive/2025/texmf-dist/tex/latex/pdfpages/pdfpages.sty
Package: pdfpages 2025/01/30 v0.6e Insert pages of external PDF documents (AM)

(/usr/local/texlive/2025/texmf-dist/tex/latex/base/ifthen.sty
Package: ifthen 2024/03/16 v1.1e Standard LaTeX ifthen package (DPC)
)
(/usr/local/texlive/2025/texmf-dist/tex/latex/tools/calc.sty
Package: calc 2023/07/08 v4.3 Infix arithmetic (KKT,FJ)
\calc@Acount=\count282
\calc@Bcount=\count283
\calc@Adimen=\dimen146
\calc@Bdimen=\dimen147
\calc@Askip=\skip51
\calc@Bskip=\skip52
LaTeX Info: Redefining \setlength on input line 80.
LaTeX Info: Redefining \addtolength on input line 81.
\calc@Ccount=\count284
\calc@Cskip=\skip53
)
(/usr/local/texlive/2025/texmf-dist/tex/latex/eso-pic/eso-pic.sty
Package: eso-pic 2023/05/03 v3.0c eso-pic (RN)
\ESO@tempdima=\dimen148
\ESO@tempdimb=\dimen149

(/usr/local/texlive/2025/texmf-dist/tex/latex/graphics/keyval.sty
Package: keyval 2022/05/29 v1.15 key=value parser (DPC)
\KV@toks@=\toks17
)
(/usr/local/texlive/2025/texmf-dist/tex/latex/xcolor/xcolor.sty
Package: xcolor 2024/09/29 v3.02 LaTeX color extensions (UK)

(/usr/local/texlive/2025/texmf-dist/tex/latex/graphics-cfg/color.cfg
File: color.cfg 2016/01/02 v1.6 sample color configuration
)
Package xcolor Info: Driver file: xetex.def on input line 274.

(/usr/local/texlive/2025/texmf-dist/tex/latex/graphics-def/xetex.def
File: xetex.def 2022/09/22 v5.0n Graphics/color driver for xetex
)
(/usr/local/texlive/2025/texmf-dist/tex/latex/graphics/mathcolor.ltx)
Package xcolor Info: Model `cmy' substituted by `cmy0' on input line 1349.
Package xcolor Info: Model `RGB' extended on input line 1365.
Package xcolor Info: Model `HTML' substituted by `rgb' on input line 1367.
Package xcolor Info: Model `Hsb' substituted by `hsb' on input line 1368.
Package xcolor Info: Model `tHsb' substituted by `hsb' on input line 1369.
Package xcolor Info: Model `HSB' substituted by `hsb' on input line 1370.
Package xcolor Info: Model `Gray' substituted by `gray' on input line 1371.
Package xcolor Info: Model `wave' substituted by `hsb' on input line 1372.
))
(/usr/local/texlive/2025/texmf-dist/tex/latex/graphics/graphicx.sty
Package: graphicx 2021/09/16 v1.2d Enhanced LaTeX Graphics (DPC,SPQR)

(/usr/local/texlive/2025/texmf-dist/tex/latex/graphics/graphics.sty
Package: graphics 2024/08/06 v1.4g Standard LaTeX Graphics (DPC,SPQR)

(/usr/local/texlive/2025/texmf-dist/tex/latex/graphics/trig.sty
Package: trig 2023/12/02 v1.11 sin cos tan (DPC)
)
(/usr/local/texlive/2025/texmf-dist/tex/latex/graphics-cfg/graphics.cfg
File: graphics.cfg 2016/06/04 v1.11 sample graphics configuration
)
Package graphics Info: Driver file: xetex.def on input line 106.
)
\Gin@req@height=\dimen150
\Gin@req@width=\dimen151
)
\AM@pagewidth=\dimen152
\AM@pageheight=\dimen153
\AM@fboxrule=\dimen154

(/usr/local/texlive/2025/texmf-dist/tex/latex/pdfpages/ppxetex.def
File: ppxetex.def 2025/01/30 v0.6e Pdfpages driver for XeTeX (AM)
)
\pdfpages@includegraphics@status=\count285
\AM@pagebox=\box53
\AM@global@opts=\toks18
\AM@pagecnt=\count286
\AM@toc@title=\toks19
\AM@lof@heading=\toks20
\c@AM@survey=\count287
\AM@templatesizebox=\box54
)
(/usr/local/texlive/2025/texmf-dist/tex/latex/tocvsec2/tocvsec2.sty
Package: tocvsec2 2014/03/10 v1.3a variable ToC section entries
\c@max@tocdepth=\count288
\c@max@secnumdepth=\count289
)
(/usr/local/texlive/2025/texmf-dist/tex/latex/caption/caption.sty
Package: caption 2023/08/05 v3.6o Customizing captions (AR)

(/usr/local/texlive/2025/texmf-dist/tex/latex/caption/caption3.sty
Package: caption3 2023/07/31 v2.4d caption3 kernel (AR)
\caption@tempdima=\dimen155
\captionmargin=\dimen156
\caption@leftmargin=\dimen157
\caption@rightmargin=\dimen158
\caption@width=\dimen159
\caption@indent=\dimen160
\caption@parindent=\dimen161
\caption@hangindent=\dimen162
Package caption Info: Standard document class detected.
)
\c@caption@flags=\count290
\c@continuedfloat=\count291
)
(/usr/local/texlive/2025/texmf-dist/tex/latex/minted/minted.sty
Package: minted 2025/03/06 v3.6.0 Yet another Pygments shim for LaTeX

(/usr/local/texlive/2025/texmf-dist/tex/generic/catchfile/catchfile.sty
Package: catchfile 2019/12/09 v1.8 Catch the contents of a file (HO)

(/usr/local/texlive/2025/texmf-dist/tex/generic/infwarerr/infwarerr.sty
Package: infwarerr 2019/12/03 v1.5 Providing info/warning/error messages (HO)
)
(/usr/local/texlive/2025/texmf-dist/tex/generic/ltxcmds/ltxcmds.sty
Package: ltxcmds 2023-12-04 v1.26 LaTeX kernel commands for general use (HO)
)
(/usr/local/texlive/2025/texmf-dist/tex/generic/etexcmds/etexcmds.sty
Package: etexcmds 2019/12/15 v1.7 Avoid name clashes with e-TeX commands (HO)
))
(/usr/local/texlive/2025/texmf-dist/tex/latex/fvextra/fvextra.sty
Package: fvextra 2025/03/04 v1.12.0 fvextra - extensions and patches for fancyv
rb

(/usr/local/texlive/2025/texmf-dist/tex/latex/fancyvrb/fancyvrb.sty
Package: fancyvrb 2024/01/20 4.5c verbatim text (tvz,hv)
\FV@CodeLineNo=\count292
\FV@InFile=\read2
\FV@TabBox=\box55
\c@FancyVerbLine=\count293
\FV@StepNumber=\count294
\FV@OutFile=\write3
)
(/usr/local/texlive/2025/texmf-dist/tex/generic/pdftexcmds/pdftexcmds.sty
Package: pdftexcmds 2020-06-27 v0.33 Utility functions of pdfTeX for LuaTeX (HO
)
Package pdftexcmds Info: \pdf@primitive is available.
Package pdftexcmds Info: \pdf@ifprimitive is available.
Package pdftexcmds Info: \pdfdraftmode not found.
)
(/usr/local/texlive/2025/texmf-dist/tex/latex/upquote/upquote.sty
Package: upquote 2012/04/19 v1.3 upright-quote and grave-accent glyphs in verba
tim

(/usr/local/texlive/2025/texmf-dist/tex/latex/base/textcomp.sty
Package: textcomp 2024/04/24 v2.1b Standard LaTeX package
))
(/usr/local/texlive/2025/texmf-dist/tex/latex/lineno/lineno.sty
Package: lineno 2025/01/29 line numbers on paragraphs v5.4

(/usr/local/texlive/2025/texmf-dist/tex/latex/kvoptions/kvoptions.sty
Package: kvoptions 2022-06-15 v3.15 Key value format for package options (HO)

(/usr/local/texlive/2025/texmf-dist/tex/latex/kvsetkeys/kvsetkeys.sty
Package: kvsetkeys 2022-10-05 v1.19 Key value parser (HO)
))
\linenopenalty=\count295
\output=\toks21
\linenoprevgraf=\count296
\linenumbersep=\dimen163
\linenumberwidth=\dimen164
\c@linenumber=\count297
\c@pagewiselinenumber=\count298
\c@LN@truepage=\count299
\c@internallinenumber=\count300
\c@internallinenumbers=\count301
\quotelinenumbersep=\dimen165
\bframerule=\dimen166
\bframesep=\dimen167
\bframebox=\box56
LaTeX Info: Redefining \\ on input line 3187.
)
\c@FancyVerbWriteLine=\count302
\c@FancyVerbBufferLine=\count303
\c@FV@TrueTabGroupLevel=\count304
\c@FV@TrueTabCounter=\count305
\FV@TabBox@Group=\box57
\FV@bgcolorstructbox=\box58
\FV@TmpLength=\skip54
\c@FV@HighlightLinesStart=\count306
\c@FV@HighlightLinesStop=\count307
\FV@LoopCount=\count308
\FV@NCharsBox=\box59
\FV@BreakIndent=\dimen168
\FV@BreakIndentNChars=\count309
\FV@BreakSymbolSepLeft=\dimen169
\FV@BreakSymbolSepLeftNChars=\count310
\FV@BreakSymbolSepRight=\dimen170
\FV@BreakSymbolSepRightNChars=\count311
\FV@BreakSymbolIndentLeft=\dimen171
\FV@BreakSymbolIndentLeftNChars=\count312
\FV@BreakSymbolIndentRight=\dimen172
\FV@BreakSymbolIndentRightNChars=\count313
\c@FancyVerbLineBreakLast=\count314
\FV@LineBox=\box60
\FV@LineIndentBox=\box61
\c@FV@BreakBufferDepth=\count315
\FV@LineWidth=\dimen173
)
(/usr/local/texlive/2025/texmf-dist/tex/latex/latex2pydata/latex2pydata.sty
Package: latex2pydata 2025/03/03 v0.5.0 latex2pydata - write data to file in Py
thon literal format
)
(/usr/local/texlive/2025/texmf-dist/tex/latex/pgf/utilities/pgfkeys.sty
(/usr/local/texlive/2025/texmf-dist/tex/generic/pgf/utilities/pgfkeys.code.tex
\pgfkeys@pathtoks=\toks22
\pgfkeys@temptoks=\toks23

(/usr/local/texlive/2025/texmf-dist/tex/generic/pgf/utilities/pgfkeyslibraryfil
tered.code.tex
\pgfkeys@tmptoks=\toks24
)))
(/usr/local/texlive/2025/texmf-dist/tex/latex/pgfopts/pgfopts.sty
Package: pgfopts 2014/07/10 v2.1a LaTeX package options with pgfkeys
\pgfopts@list@add@a@toks=\toks25
\pgfopts@list@add@b@toks=\toks26
)
(/usr/local/texlive/2025/texmf-dist/tex/latex/tools/shellesc.sty
Package: shellesc 2023/07/08 v1.0d unified shell escape interface for LaTeX
Package shellesc Info: Restricted shell escape enabled on input line 77.
)
(/usr/local/texlive/2025/texmf-dist/tex/latex/float/float.sty
Package: float 2001/11/08 v1.3d Float enhancements (AL)
\c@float@type=\count316
\float@exts=\toks27
\float@box=\box62
\@float@everytoks=\toks28
\@floatcapt=\box63
)
\c@minted@FancyVerbLineTemp=\count317
\@float@every@listing=\toks29
\c@listing=\count318
)
(/usr/local/texlive/2025/texmf-dist/tex/latex/listings/listings.sty
\lst@mode=\count319
\lst@gtempboxa=\box64
\lst@token=\toks30
\lst@length=\count320
\lst@currlwidth=\dimen174
\lst@column=\count321
\lst@pos=\count322
\lst@lostspace=\dimen175
\lst@width=\dimen176
\lst@newlines=\count323
\lst@lineno=\count324
\lst@maxwidth=\dimen177

(/usr/local/texlive/2025/texmf-dist/tex/latex/listings/lstpatch.sty
File: lstpatch.sty 2024/09/23 1.10c (Carsten Heinz)
)
(/usr/local/texlive/2025/texmf-dist/tex/latex/listings/lstmisc.sty
File: lstmisc.sty 2024/09/23 1.10c (Carsten Heinz)
\c@lstnumber=\count325
\lst@skipnumbers=\count326
\lst@framebox=\box65
)
(/usr/local/texlive/2025/texmf-dist/tex/latex/listings/listings.cfg
File: listings.cfg 2024/09/23 1.10c listings configuration
))
Package: listings 2024/09/23 1.10c (Carsten Heinz)

(/usr/local/texlive/2025/texmf-dist/tex/latex/amsmath/amsmath.sty
Package: amsmath 2024/11/05 v2.17t AMS math features
\@mathmargin=\skip55

For additional information on amsmath, use the `?' option.
(/usr/local/texlive/2025/texmf-dist/tex/latex/amsmath/amstext.sty
Package: amstext 2021/08/26 v2.01 AMS text

(/usr/local/texlive/2025/texmf-dist/tex/latex/amsmath/amsgen.sty
File: amsgen.sty 1999/11/30 v2.0 generic functions
\@emptytoks=\toks31
\ex@=\dimen178
))
(/usr/local/texlive/2025/texmf-dist/tex/latex/amsmath/amsbsy.sty
Package: amsbsy 1999/11/29 v1.2d Bold Symbols
\pmbraise@=\dimen179
)
(/usr/local/texlive/2025/texmf-dist/tex/latex/amsmath/amsopn.sty
Package: amsopn 2022/04/08 v2.04 operator names
)
\inf@bad=\count327
LaTeX Info: Redefining \frac on input line 233.
\uproot@=\count328
\leftroot@=\count329
LaTeX Info: Redefining \overline on input line 398.
LaTeX Info: Redefining \colon on input line 409.
\classnum@=\count330
\DOTSCASE@=\count331
LaTeX Info: Redefining \ldots on input line 495.
LaTeX Info: Redefining \dots on input line 498.
LaTeX Info: Redefining \cdots on input line 619.
\Mathstrutbox@=\box66
\strutbox@=\box67
LaTeX Info: Redefining \big on input line 721.
LaTeX Info: Redefining \Big on input line 722.
LaTeX Info: Redefining \bigg on input line 723.
LaTeX Info: Redefining \Bigg on input line 724.
\big@size=\dimen180
LaTeX Font Info:    Redeclaring font encoding OML on input line 742.
LaTeX Font Info:    Redeclaring font encoding OMS on input line 743.
\macc@depth=\count332
LaTeX Info: Redefining \bmod on input line 904.
LaTeX Info: Redefining \pmod on input line 909.
LaTeX Info: Redefining \smash on input line 939.
LaTeX Info: Redefining \relbar on input line 969.
LaTeX Info: Redefining \Relbar on input line 970.
\c@MaxMatrixCols=\count333
\dotsspace@=\muskip17
\c@parentequation=\count334
\dspbrk@lvl=\count335
\tag@help=\toks32
\row@=\count336
\column@=\count337
\maxfields@=\count338
\andhelp@=\toks33
\eqnshift@=\dimen181
\alignsep@=\dimen182
\tagshift@=\dimen183
\tagwidth@=\dimen184
\totwidth@=\dimen185
\lineht@=\dimen186
\@envbody=\toks34
\multlinegap=\skip56
\multlinetaggap=\skip57
\mathdisplay@stack=\toks35
LaTeX Info: Redefining \[ on input line 2953.
LaTeX Info: Redefining \] on input line 2954.
)
\@LN@amsmath@ams@eqpen=\count339

(/usr/local/texlive/2025/texmf-dist/tex/latex/url/url.sty
\Urlmuskip=\muskip18
Package: url 2013/09/16  ver 3.4  Verb mode for urls, etc.
)
(/usr/local/texlive/2025/texmf-dist/tex/latex/natbib/natbib.sty
Package: natbib 2010/09/13 8.31b (PWD, AO)
\bibhang=\skip58
\bibsep=\skip59
LaTeX Info: Redefining \cite on input line 694.
\c@NAT@ctr=\count340
)
(/usr/local/texlive/2025/texmf-dist/tex/latex/multirow/multirow.sty
Package: multirow 2024/11/12 v2.9 Span multiple rows of a table
\multirow@colwidth=\skip60
\multirow@cntb=\count341
\multirow@dima=\skip61
\bigstrutjot=\dimen187
)
(/usr/local/texlive/2025/texmf-dist/tex/latex/hyperref/hyperref.sty
Package: hyperref 2024-11-05 v7.01l Hypertext links for LaTeX

(/usr/local/texlive/2025/texmf-dist/tex/generic/kvdefinekeys/kvdefinekeys.sty
Package: kvdefinekeys 2019-12-19 v1.6 Define keys (HO)
)
(/usr/local/texlive/2025/texmf-dist/tex/generic/pdfescape/pdfescape.sty
Package: pdfescape 2019/12/09 v1.15 Implements pdfTeX's escape features (HO)
)
(/usr/local/texlive/2025/texmf-dist/tex/latex/hycolor/hycolor.sty
Package: hycolor 2020-01-27 v1.10 Color options for hyperref/bookmark (HO)
)
(/usr/local/texlive/2025/texmf-dist/tex/latex/hyperref/nameref.sty
Package: nameref 2023-11-26 v2.56 Cross-referencing by name of section

(/usr/local/texlive/2025/texmf-dist/tex/latex/refcount/refcount.sty
Package: refcount 2019/12/15 v3.6 Data extraction from label references (HO)
)
(/usr/local/texlive/2025/texmf-dist/tex/generic/gettitlestring/gettitlestring.s
ty
Package: gettitlestring 2019/12/15 v1.6 Cleanup title references (HO)
)
\c@section@level=\count342
) (/usr/local/texlive/2025/texmf-dist/tex/generic/stringenc/stringenc.sty
Package: stringenc 2019/11/29 v1.12 Convert strings between diff. encodings (HO
)
)
\@linkdim=\dimen188
\Hy@linkcounter=\count343
\Hy@pagecounter=\count344

(/usr/local/texlive/2025/texmf-dist/tex/latex/hyperref/pd1enc.def
File: pd1enc.def 2024-11-05 v7.01l Hyperref: PDFDocEncoding definition (HO)
)
(/usr/local/texlive/2025/texmf-dist/tex/generic/intcalc/intcalc.sty
Package: intcalc 2019/12/15 v1.3 Expandable calculations with integers (HO)
)
\Hy@SavedSpaceFactor=\count345

(/usr/local/texlive/2025/texmf-dist/tex/latex/hyperref/puenc.def
File: puenc.def 2024-11-05 v7.01l Hyperref: PDF Unicode definition (HO)
)
Package hyperref Info: Hyper figures OFF on input line 4157.
Package hyperref Info: Link nesting OFF on input line 4162.
Package hyperref Info: Hyper index ON on input line 4165.
Package hyperref Info: Plain pages OFF on input line 4172.
Package hyperref Info: Backreferencing OFF on input line 4177.
Package hyperref Info: Implicit mode ON; LaTeX internals redefined.
Package hyperref Info: Bookmarks ON on input line 4424.
\c@Hy@tempcnt=\count346
LaTeX Info: Redefining \url on input line 4763.
\XeTeXLinkMargin=\dimen189

(/usr/local/texlive/2025/texmf-dist/tex/generic/bitset/bitset.sty
Package: bitset 2019/12/09 v1.3 Handle bit-vector datatype (HO)

(/usr/local/texlive/2025/texmf-dist/tex/generic/bigintcalc/bigintcalc.sty
Package: bigintcalc 2019/12/15 v1.5 Expandable calculations on big integers (HO
)
))
\Fld@menulength=\count347
\Field@Width=\dimen190
\Fld@charsize=\dimen191
Package hyperref Info: Hyper figures OFF on input line 6042.
Package hyperref Info: Link nesting OFF on input line 6047.
Package hyperref Info: Hyper index ON on input line 6050.
Package hyperref Info: backreferencing OFF on input line 6057.
Package hyperref Info: Link coloring OFF on input line 6062.
Package hyperref Info: Link coloring with OCG OFF on input line 6067.
Package hyperref Info: PDF/A mode OFF on input line 6072.

(/usr/local/texlive/2025/texmf-dist/tex/latex/base/atbegshi-ltx.sty
Package: atbegshi-ltx 2021/01/10 v1.0c Emulation of the original atbegshi
package with kernel methods
)
\Hy@abspage=\count348
\c@Item=\count349
\c@Hfootnote=\count350
)
Package hyperref Info: Driver (autodetected): hxetex.

(/usr/local/texlive/2025/texmf-dist/tex/latex/hyperref/hxetex.def
File: hxetex.def 2024-11-05 v7.01l Hyperref driver for XeTeX
\pdfm@box=\box68
\c@Hy@AnnotLevel=\count351
\HyField@AnnotCount=\count352
\Fld@listcount=\count353
\c@bookmark@seq@number=\count354

(/usr/local/texlive/2025/texmf-dist/tex/latex/rerunfilecheck/rerunfilecheck.sty
Package: rerunfilecheck 2022-07-10 v1.10 Rerun checks for auxiliary files (HO)
(/usr/local/texlive/2025/texmf-dist/tex/latex/base/atveryend-ltx.sty
Package: atveryend-ltx 2020/08/19 v1.0a Emulation of the original atveryend pac
kage
with kernel methods
)
(/usr/local/texlive/2025/texmf-dist/tex/generic/uniquecounter/uniquecounter.sty
Package: uniquecounter 2019/12/15 v1.4 Provide unlimited unique counter (HO)
)
Package uniquecounter Info: New unique counter `rerunfilecheck' on input line 2
85.
)
\Hy@SectionHShift=\skip62
) (/usr/local/texlive/2025/texmf-dist/tex/latex/tools/indentfirst.sty
Package: indentfirst 2023/07/02 v1.03 Indent first paragraph (DPC)
)
(/usr/local/texlive/2025/texmf-dist/tex/latex/enumitem/enumitem.sty
Package: enumitem 2025/02/06 v3.11 Customized lists
\labelindent=\skip63
\enit@outerparindent=\dimen192
\enit@toks=\toks36
\enit@inbox=\box69
\enit@count@id=\count355
\enitdp@description=\count356
)
(/usr/local/texlive/2025/texmf-dist/tex/latex/chngcntr/chngcntr.sty
Package: chngcntr 2018/04/09 v1.1a change counter resetting
Package chngcntr Info: \counterwithout already defined.
(chngcntr)             Quitting chngcntr on input line 21.
)
(/usr/local/texlive/2025/texmf-dist/tex/latex/graphics/lscape.sty
Package: lscape 2020/05/28 v3.02 Landscape Pages (DPC)
)
(/usr/local/texlive/2025/texmf-dist/tex/latex/pgf/frontendlayer/tikz.sty
(/usr/local/texlive/2025/texmf-dist/tex/latex/pgf/basiclayer/pgf.sty
(/usr/local/texlive/2025/texmf-dist/tex/latex/pgf/utilities/pgfrcs.sty
(/usr/local/texlive/2025/texmf-dist/tex/generic/pgf/utilities/pgfutil-common.te
x
\pgfutil@everybye=\toks37
\pgfutil@tempdima=\dimen193
\pgfutil@tempdimb=\dimen194
)
(/usr/local/texlive/2025/texmf-dist/tex/generic/pgf/utilities/pgfutil-latex.def
\pgfutil@abb=\box70
) (/usr/local/texlive/2025/texmf-dist/tex/generic/pgf/utilities/pgfrcs.code.tex
(/usr/local/texlive/2025/texmf-dist/tex/generic/pgf/pgf.revision.tex)
Package: pgfrcs 2023-01-15 v3.1.10 (3.1.10)
))
Package: pgf 2023-01-15 v3.1.10 (3.1.10)

(/usr/local/texlive/2025/texmf-dist/tex/latex/pgf/basiclayer/pgfcore.sty
(/usr/local/texlive/2025/texmf-dist/tex/latex/pgf/systemlayer/pgfsys.sty
(/usr/local/texlive/2025/texmf-dist/tex/generic/pgf/systemlayer/pgfsys.code.tex
Package: pgfsys 2023-01-15 v3.1.10 (3.1.10)
\pgf@x=\dimen195
\pgf@y=\dimen196
\pgf@xa=\dimen197
\pgf@ya=\dimen198
\pgf@xb=\dimen199
\pgf@yb=\dimen256
\pgf@xc=\dimen257
\pgf@yc=\dimen258
\pgf@xd=\dimen259
\pgf@yd=\dimen260
\w@pgf@writea=\write4
\r@pgf@reada=\read3
\c@pgf@counta=\count357
\c@pgf@countb=\count358
\c@pgf@countc=\count359
\c@pgf@countd=\count360
\t@pgf@toka=\toks38
\t@pgf@tokb=\toks39
\t@pgf@tokc=\toks40
\pgf@sys@id@count=\count361
(/usr/local/texlive/2025/texmf-dist/tex/generic/pgf/systemlayer/pgf.cfg
File: pgf.cfg 2023-01-15 v3.1.10 (3.1.10)
)
Driver file for pgf: pgfsys-xetex.def

(/usr/local/texlive/2025/texmf-dist/tex/generic/pgf/systemlayer/pgfsys-xetex.de
f
File: pgfsys-xetex.def 2023-01-15 v3.1.10 (3.1.10)

(/usr/local/texlive/2025/texmf-dist/tex/generic/pgf/systemlayer/pgfsys-dvipdfmx
.def
File: pgfsys-dvipdfmx.def 2023-01-15 v3.1.10 (3.1.10)

(/usr/local/texlive/2025/texmf-dist/tex/generic/pgf/systemlayer/pgfsys-common-p
df.def
File: pgfsys-common-pdf.def 2023-01-15 v3.1.10 (3.1.10)
)
\pgfsys@objnum=\count362
)))
(/usr/local/texlive/2025/texmf-dist/tex/generic/pgf/systemlayer/pgfsyssoftpath.
code.tex
File: pgfsyssoftpath.code.tex 2023-01-15 v3.1.10 (3.1.10)
\pgfsyssoftpath@smallbuffer@items=\count363
\pgfsyssoftpath@bigbuffer@items=\count364
)
(/usr/local/texlive/2025/texmf-dist/tex/generic/pgf/systemlayer/pgfsysprotocol.
code.tex
File: pgfsysprotocol.code.tex 2023-01-15 v3.1.10 (3.1.10)
))
(/usr/local/texlive/2025/texmf-dist/tex/generic/pgf/basiclayer/pgfcore.code.tex
Package: pgfcore 2023-01-15 v3.1.10 (3.1.10)
(/usr/local/texlive/2025/texmf-dist/tex/generic/pgf/math/pgfmath.code.tex
(/usr/local/texlive/2025/texmf-dist/tex/generic/pgf/math/pgfmathutil.code.tex)
(/usr/local/texlive/2025/texmf-dist/tex/generic/pgf/math/pgfmathparser.code.tex
\pgfmath@dimen=\dimen261
\pgfmath@count=\count365
\pgfmath@box=\box71
\pgfmath@toks=\toks41
\pgfmath@stack@operand=\toks42
\pgfmath@stack@operation=\toks43
)
(/usr/local/texlive/2025/texmf-dist/tex/generic/pgf/math/pgfmathfunctions.code.
tex)
(/usr/local/texlive/2025/texmf-dist/tex/generic/pgf/math/pgfmathfunctions.basic
.code.tex)
(/usr/local/texlive/2025/texmf-dist/tex/generic/pgf/math/pgfmathfunctions.trigo
nometric.code.tex)
(/usr/local/texlive/2025/texmf-dist/tex/generic/pgf/math/pgfmathfunctions.rando
m.code.tex)
(/usr/local/texlive/2025/texmf-dist/tex/generic/pgf/math/pgfmathfunctions.compa
rison.code.tex)
(/usr/local/texlive/2025/texmf-dist/tex/generic/pgf/math/pgfmathfunctions.base.
code.tex)
(/usr/local/texlive/2025/texmf-dist/tex/generic/pgf/math/pgfmathfunctions.round
.code.tex)
(/usr/local/texlive/2025/texmf-dist/tex/generic/pgf/math/pgfmathfunctions.misc.
code.tex)
(/usr/local/texlive/2025/texmf-dist/tex/generic/pgf/math/pgfmathfunctions.integ
erarithmetics.code.tex)
(/usr/local/texlive/2025/texmf-dist/tex/generic/pgf/math/pgfmathcalc.code.tex)
(/usr/local/texlive/2025/texmf-dist/tex/generic/pgf/math/pgfmathfloat.code.tex
\c@pgfmathroundto@lastzeros=\count366
)) (/usr/local/texlive/2025/texmf-dist/tex/generic/pgf/math/pgfint.code.tex)
(/usr/local/texlive/2025/texmf-dist/tex/generic/pgf/basiclayer/pgfcorepoints.co
de.tex
File: pgfcorepoints.code.tex 2023-01-15 v3.1.10 (3.1.10)
\pgf@picminx=\dimen262
\pgf@picmaxx=\dimen263
\pgf@picminy=\dimen264
\pgf@picmaxy=\dimen265
\pgf@pathminx=\dimen266
\pgf@pathmaxx=\dimen267
\pgf@pathminy=\dimen268
\pgf@pathmaxy=\dimen269
\pgf@xx=\dimen270
\pgf@xy=\dimen271
\pgf@yx=\dimen272
\pgf@yy=\dimen273
\pgf@zx=\dimen274
\pgf@zy=\dimen275
)
(/usr/local/texlive/2025/texmf-dist/tex/generic/pgf/basiclayer/pgfcorepathconst
ruct.code.tex
File: pgfcorepathconstruct.code.tex 2023-01-15 v3.1.10 (3.1.10)
\pgf@path@lastx=\dimen276
\pgf@path@lasty=\dimen277
)
(/usr/local/texlive/2025/texmf-dist/tex/generic/pgf/basiclayer/pgfcorepathusage
.code.tex
File: pgfcorepathusage.code.tex 2023-01-15 v3.1.10 (3.1.10)
\pgf@shorten@end@additional=\dimen278
\pgf@shorten@start@additional=\dimen279
)
(/usr/local/texlive/2025/texmf-dist/tex/generic/pgf/basiclayer/pgfcorescopes.co
de.tex
File: pgfcorescopes.code.tex 2023-01-15 v3.1.10 (3.1.10)
\pgfpic=\box72
\pgf@hbox=\box73
\pgf@layerbox@main=\box74
\pgf@picture@serial@count=\count367
)
(/usr/local/texlive/2025/texmf-dist/tex/generic/pgf/basiclayer/pgfcoregraphicst
ate.code.tex
File: pgfcoregraphicstate.code.tex 2023-01-15 v3.1.10 (3.1.10)
\pgflinewidth=\dimen280
)
(/usr/local/texlive/2025/texmf-dist/tex/generic/pgf/basiclayer/pgfcoretransform
ations.code.tex
File: pgfcoretransformations.code.tex 2023-01-15 v3.1.10 (3.1.10)
\pgf@pt@x=\dimen281
\pgf@pt@y=\dimen282
\pgf@pt@temp=\dimen283
)
(/usr/local/texlive/2025/texmf-dist/tex/generic/pgf/basiclayer/pgfcorequick.cod
e.tex
File: pgfcorequick.code.tex 2023-01-15 v3.1.10 (3.1.10)
)
(/usr/local/texlive/2025/texmf-dist/tex/generic/pgf/basiclayer/pgfcoreobjects.c
ode.tex
File: pgfcoreobjects.code.tex 2023-01-15 v3.1.10 (3.1.10)
)
(/usr/local/texlive/2025/texmf-dist/tex/generic/pgf/basiclayer/pgfcorepathproce
ssing.code.tex
File: pgfcorepathprocessing.code.tex 2023-01-15 v3.1.10 (3.1.10)
)
(/usr/local/texlive/2025/texmf-dist/tex/generic/pgf/basiclayer/pgfcorearrows.co
de.tex
File: pgfcorearrows.code.tex 2023-01-15 v3.1.10 (3.1.10)
\pgfarrowsep=\dimen284
)
(/usr/local/texlive/2025/texmf-dist/tex/generic/pgf/basiclayer/pgfcoreshade.cod
e.tex
File: pgfcoreshade.code.tex 2023-01-15 v3.1.10 (3.1.10)
\pgf@max=\dimen285
\pgf@sys@shading@range@num=\count368
\pgf@shadingcount=\count369
)
(/usr/local/texlive/2025/texmf-dist/tex/generic/pgf/basiclayer/pgfcoreimage.cod
e.tex
File: pgfcoreimage.code.tex 2023-01-15 v3.1.10 (3.1.10)
)
(/usr/local/texlive/2025/texmf-dist/tex/generic/pgf/basiclayer/pgfcoreexternal.
code.tex
File: pgfcoreexternal.code.tex 2023-01-15 v3.1.10 (3.1.10)
\pgfexternal@startupbox=\box75
)
(/usr/local/texlive/2025/texmf-dist/tex/generic/pgf/basiclayer/pgfcorelayers.co
de.tex
File: pgfcorelayers.code.tex 2023-01-15 v3.1.10 (3.1.10)
)
(/usr/local/texlive/2025/texmf-dist/tex/generic/pgf/basiclayer/pgfcoretranspare
ncy.code.tex
File: pgfcoretransparency.code.tex 2023-01-15 v3.1.10 (3.1.10)
)
(/usr/local/texlive/2025/texmf-dist/tex/generic/pgf/basiclayer/pgfcorepatterns.
code.tex
File: pgfcorepatterns.code.tex 2023-01-15 v3.1.10 (3.1.10)
)
(/usr/local/texlive/2025/texmf-dist/tex/generic/pgf/basiclayer/pgfcorerdf.code.
tex
File: pgfcorerdf.code.tex 2023-01-15 v3.1.10 (3.1.10)
)))
(/usr/local/texlive/2025/texmf-dist/tex/generic/pgf/modules/pgfmoduleshapes.cod
e.tex
File: pgfmoduleshapes.code.tex 2023-01-15 v3.1.10 (3.1.10)
\pgfnodeparttextbox=\box76
)
(/usr/local/texlive/2025/texmf-dist/tex/generic/pgf/modules/pgfmoduleplot.code.
tex
File: pgfmoduleplot.code.tex 2023-01-15 v3.1.10 (3.1.10)
)
(/usr/local/texlive/2025/texmf-dist/tex/latex/pgf/compatibility/pgfcomp-version
-0-65.sty
Package: pgfcomp-version-0-65 2023-01-15 v3.1.10 (3.1.10)
\pgf@nodesepstart=\dimen286
\pgf@nodesepend=\dimen287
)
(/usr/local/texlive/2025/texmf-dist/tex/latex/pgf/compatibility/pgfcomp-version
-1-18.sty
Package: pgfcomp-version-1-18 2023-01-15 v3.1.10 (3.1.10)
))
(/usr/local/texlive/2025/texmf-dist/tex/latex/pgf/utilities/pgffor.sty
(/usr/local/texlive/2025/texmf-dist/tex/latex/pgf/math/pgfmath.sty
(/usr/local/texlive/2025/texmf-dist/tex/generic/pgf/math/pgfmath.code.tex))
(/usr/local/texlive/2025/texmf-dist/tex/generic/pgf/utilities/pgffor.code.tex
Package: pgffor 2023-01-15 v3.1.10 (3.1.10)
\pgffor@iter=\dimen288
\pgffor@skip=\dimen289
\pgffor@stack=\toks44
\pgffor@toks=\toks45
))
(/usr/local/texlive/2025/texmf-dist/tex/generic/pgf/frontendlayer/tikz/tikz.cod
e.tex
Package: tikz 2023-01-15 v3.1.10 (3.1.10)

(/usr/local/texlive/2025/texmf-dist/tex/generic/pgf/libraries/pgflibraryplothan
dlers.code.tex
File: pgflibraryplothandlers.code.tex 2023-01-15 v3.1.10 (3.1.10)
\pgf@plot@mark@count=\count370
\pgfplotmarksize=\dimen290
)
\tikz@lastx=\dimen291
\tikz@lasty=\dimen292
\tikz@lastxsaved=\dimen293
\tikz@lastysaved=\dimen294
\tikz@lastmovetox=\dimen295
\tikz@lastmovetoy=\dimen296
\tikzleveldistance=\dimen297
\tikzsiblingdistance=\dimen298
\tikz@figbox=\box77
\tikz@figbox@bg=\box78
\tikz@tempbox=\box79
\tikz@tempbox@bg=\box80
\tikztreelevel=\count371
\tikznumberofchildren=\count372
\tikznumberofcurrentchild=\count373
\tikz@fig@count=\count374

(/usr/local/texlive/2025/texmf-dist/tex/generic/pgf/modules/pgfmodulematrix.cod
e.tex
File: pgfmodulematrix.code.tex 2023-01-15 v3.1.10 (3.1.10)
\pgfmatrixcurrentrow=\count375
\pgfmatrixcurrentcolumn=\count376
\pgf@matrix@numberofcolumns=\count377
)
\tikz@expandcount=\count378

(/usr/local/texlive/2025/texmf-dist/tex/generic/pgf/frontendlayer/tikz/librarie
s/tikzlibrarytopaths.code.tex
File: tikzlibrarytopaths.code.tex 2023-01-15 v3.1.10 (3.1.10)
))))

LaTeX Warning: \include should only be used after \begin{document} on input lin
e 17.

(./Settings/format.tex
(/usr/local/texlive/2025/texmf-dist/tex/latex/polyglossia/gloss-russian.ldf
File: gloss-russian.ldf polyglossia: module for Russian

(/usr/local/texlive/2025/texmf-dist/tex/latex/polyglossia/xpg-cyrillicnumbers.s
ty
Package: xpg-cyrillicnumbers 2019/11/15 v0.2 Formatting of Cyrillic alphabetic 
numbers
) (/usr/local/texlive/2025/texmf-dist/tex/latex/polyglossia/babelsh.def
File: babelsh.def 2022/06/21 Babel common definitions for shorthands
 Taken verbatim from babel files (2022/06/06 v3.76)
)
Package babel Info: Making " an active character on input line 115.
)

Package polyglossia Info: Default language is russian


(/usr/local/texlive/2025/texmf-dist/tex/latex/polyglossia/gloss-english.ldf
File: gloss-english.ldf polyglossia: module for English
)

Package fontspec Info: 
(fontspec)             Font family 'TimesNewRoman(0)' created for font 'Times
(fontspec)             New Roman' with options
(fontspec)             [WordSpace={1,0,0},HyphenChar=None,PunctuationSpace=Word
Space].
(fontspec)              
(fontspec)              This font family consists of the following NFSS
(fontspec)             series/shapes:
(fontspec)              
(fontspec)             - 'normal' (m/n) with NFSS spec.: <->"Times New
(fontspec)             Roman/OT:script=latn;language=dflt;"
(fontspec)             - 'bold' (b/n) with NFSS spec.: <->"Times New
(fontspec)             Roman/B/OT:script=latn;language=dflt;"
(fontspec)             - 'italic' (m/it) with NFSS spec.: <->"Times New
(fontspec)             Roman/I/OT:script=latn;language=dflt;"
(fontspec)             - 'bold italic' (b/it) with NFSS spec.: <->"Times New
(fontspec)             Roman/BI/OT:script=latn;language=dflt;"


(/usr/local/texlive/2025/texmf-dist/tex/latex/geometry/geometry.sty
Package: geometry 2020/01/02 v5.9 Page Geometry

(/usr/local/texlive/2025/texmf-dist/tex/generic/iftex/ifvtex.sty
Package: ifvtex 2019/10/25 v1.7 ifvtex legacy package. Use iftex instead.
)
\Gm@cnth=\count379
\Gm@cntv=\count380
\c@Gm@tempcnt=\count381
\Gm@bindingoffset=\dimen299
\Gm@wd@mp=\dimen300
\Gm@odd@mp=\dimen301
\Gm@even@mp=\dimen302
\Gm@layoutwidth=\dimen303
\Gm@layoutheight=\dimen304
\Gm@layouthoffset=\dimen305
\Gm@layoutvoffset=\dimen306
\Gm@dimlist=\toks46
)
(/usr/local/texlive/2025/texmf-dist/tex/latex/titlesec/titlesec.sty
Package: titlesec 2025/01/04 v2.17 Sectioning titles
\ttl@box=\box81
\beforetitleunit=\skip64
\aftertitleunit=\skip65
\ttl@plus=\dimen307
\ttl@minus=\dimen308
\ttl@toksa=\toks47
\titlewidth=\dimen309
\titlewidthlast=\dimen310
\titlewidthfirst=\dimen311
)
Package hyperref Info: Option `colorlinks' set `true' on input line 116.

Package fontspec Info: 
(fontspec)             Could not resolve font "PT Mono/I" (it probably doesn't
(fontspec)             exist).


Package fontspec Info: 
(fontspec)             Font family 'PTMono(0)' created for font 'PT Mono' with
(fontspec)             options
(fontspec)             [WordSpace={1,0,0},HyphenChar=None,PunctuationSpace=Word
Space].
(fontspec)              
(fontspec)              This font family consists of the following NFSS
(fontspec)             series/shapes:
(fontspec)              
(fontspec)             - 'normal' (m/n) with NFSS spec.: <->"PT
(fontspec)             Mono/OT:script=latn;language=dflt;"
(fontspec)             - 'bold' (b/n) with NFSS spec.: <->"PT
(fontspec)             Mono/B/OT:script=latn;language=dflt;"
(fontspec)             - 'bold italic' (b/it) with NFSS spec.: <->"PT
(fontspec)             Mono/BI/OT:script=latn;language=dflt;"


Package fontspec Info: 
(fontspec)             Could not resolve font "PT Mono/I" (it probably doesn't
(fontspec)             exist).


Package fontspec Info: 
(fontspec)             Font family 'PTMono(1)' created for font 'PT Mono' with
(fontspec)             options [].
(fontspec)              
(fontspec)              This font family consists of the following NFSS
(fontspec)             series/shapes:
(fontspec)              
(fontspec)             - 'normal' (m/n) with NFSS spec.: <->"PT
(fontspec)             Mono/OT:script=latn;language=dflt;"
(fontspec)             - 'bold' (b/n) with NFSS spec.: <->"PT
(fontspec)             Mono/B/OT:script=latn;language=dflt;"
(fontspec)             - 'bold italic' (b/it) with NFSS spec.: <->"PT
(fontspec)             Mono/BI/OT:script=latn;language=dflt;"


Package fontspec Info: 
(fontspec)             Font family 'PTSans(0)' created for font 'PT Sans' with
(fontspec)             options [Ligatures=TeX].
(fontspec)              
(fontspec)              This font family consists of the following NFSS
(fontspec)             series/shapes:
(fontspec)              
(fontspec)             - 'normal' (m/n) with NFSS spec.: <->"PT
(fontspec)             Sans/OT:script=latn;language=dflt;mapping=tex-text;"
(fontspec)             - 'bold' (b/n) with NFSS spec.: <->"PT
(fontspec)             Sans/B/OT:script=latn;language=dflt;mapping=tex-text;"
(fontspec)             - 'italic' (m/it) with NFSS spec.: <->"PT
(fontspec)             Sans/I/OT:script=latn;language=dflt;mapping=tex-text;"
(fontspec)             - 'bold italic' (b/it) with NFSS spec.: <->"PT
(fontspec)             Sans/BI/OT:script=latn;language=dflt;mapping=tex-text;"

)

LaTeX Warning: \include should only be used after \begin{document} on input lin
e 21.

(./Settings/listings.tex)

Package fontspec Info: 
(fontspec)             Font family 'PTSans(1)' created for font 'PT Sans' with
(fontspec)             options [Ligatures=TeX,Script=Cyrillic].
(fontspec)              
(fontspec)              This font family consists of the following NFSS
(fontspec)             series/shapes:
(fontspec)              
(fontspec)             - 'normal' (m/n) with NFSS spec.: <->"PT
(fontspec)             Sans/OT:script=cyrl;language=dflt;mapping=tex-text;"
(fontspec)             - 'bold' (b/n) with NFSS spec.: <->"PT
(fontspec)             Sans/B/OT:script=cyrl;language=dflt;mapping=tex-text;"
(fontspec)             - 'italic' (m/it) with NFSS spec.: <->"PT
(fontspec)             Sans/I/OT:script=cyrl;language=dflt;mapping=tex-text;"
(fontspec)             - 'bold italic' (b/it) with NFSS spec.: <->"PT
(fontspec)             Sans/BI/OT:script=cyrl;language=dflt;mapping=tex-text;"

 (./main.aux (./macros.aux) (./tocpage.aux)
(./Chapters/introduction.aux) (./Chapters/first_chapter_business.aux)
(./Chapters/sixth_chapter_mobile_ui.aux)
(./Chapters/second_chapter_backend_architecture.aux)
(./Chapters/forth_chapter_mobile_architecture.aux)
(./Chapters/fifth_chapter_mobile_implementation.aux)
(./Chapters/third_chapter_backend_implementation.aux)
(./Chapters/conclustion.aux) (./bibpage.aux))
\openout1 = `main.aux'.

LaTeX Font Info:    Checking defaults for OML/cmm/m/it on input line 26.
LaTeX Font Info:    ... okay on input line 26.
LaTeX Font Info:    Checking defaults for OMS/cmsy/m/n on input line 26.
LaTeX Font Info:    ... okay on input line 26.
LaTeX Font Info:    Checking defaults for OT1/cmr/m/n on input line 26.
LaTeX Font Info:    ... okay on input line 26.
LaTeX Font Info:    Checking defaults for T1/cmr/m/n on input line 26.
LaTeX Font Info:    ... okay on input line 26.
LaTeX Font Info:    Checking defaults for TS1/cmr/m/n on input line 26.
LaTeX Font Info:    ... okay on input line 26.
LaTeX Font Info:    Checking defaults for TU/lmr/m/n on input line 26.
LaTeX Font Info:    ... okay on input line 26.
LaTeX Font Info:    Checking defaults for OMX/cmex/m/n on input line 26.
LaTeX Font Info:    ... okay on input line 26.
LaTeX Font Info:    Checking defaults for U/cmr/m/n on input line 26.
LaTeX Font Info:    ... okay on input line 26.
LaTeX Font Info:    Checking defaults for PD1/pdf/m/n on input line 26.
LaTeX Font Info:    ... okay on input line 26.
LaTeX Font Info:    Checking defaults for PU/pdf/m/n on input line 26.
LaTeX Font Info:    ... okay on input line 26.

Package fontspec Info: 
(fontspec)             Adjusting the maths setup (use [no-math] to avoid
(fontspec)             this).

\symlegacymaths=\mathgroup4
LaTeX Font Info:    Overwriting symbol font `legacymaths' in version `bold'
(Font)                  OT1/cmr/m/n --> OT1/cmr/bx/n on input line 26.
LaTeX Font Info:    Redeclaring math accent \acute on input line 26.
LaTeX Font Info:    Redeclaring math accent \grave on input line 26.
LaTeX Font Info:    Redeclaring math accent \ddot on input line 26.
LaTeX Font Info:    Redeclaring math accent \tilde on input line 26.
LaTeX Font Info:    Redeclaring math accent \bar on input line 26.
LaTeX Font Info:    Redeclaring math accent \breve on input line 26.
LaTeX Font Info:    Redeclaring math accent \check on input line 26.
LaTeX Font Info:    Redeclaring math accent \hat on input line 26.
LaTeX Font Info:    Redeclaring math accent \dot on input line 26.
LaTeX Font Info:    Redeclaring math accent \mathring on input line 26.
LaTeX Font Info:    Redeclaring math symbol \Gamma on input line 26.
LaTeX Font Info:    Redeclaring math symbol \Delta on input line 26.
LaTeX Font Info:    Redeclaring math symbol \Theta on input line 26.
LaTeX Font Info:    Redeclaring math symbol \Lambda on input line 26.
LaTeX Font Info:    Redeclaring math symbol \Xi on input line 26.
LaTeX Font Info:    Redeclaring math symbol \Pi on input line 26.
LaTeX Font Info:    Redeclaring math symbol \Sigma on input line 26.
LaTeX Font Info:    Redeclaring math symbol \Upsilon on input line 26.
LaTeX Font Info:    Redeclaring math symbol \Phi on input line 26.
LaTeX Font Info:    Redeclaring math symbol \Psi on input line 26.
LaTeX Font Info:    Redeclaring math symbol \Omega on input line 26.
LaTeX Font Info:    Redeclaring math symbol \mathdollar on input line 26.
LaTeX Font Info:    Redeclaring symbol font `operators' on input line 26.
LaTeX Font Info:    Encoding `OT1' has changed to `TU' for symbol font
(Font)              `operators' in the math version `normal' on input line 26.
LaTeX Font Info:    Overwriting symbol font `operators' in version `normal'
(Font)                  OT1/cmr/m/n --> TU/PTSans(0)/m/n on input line 26.
LaTeX Font Info:    Encoding `OT1' has changed to `TU' for symbol font
(Font)              `operators' in the math version `bold' on input line 26.
LaTeX Font Info:    Overwriting symbol font `operators' in version `bold'
(Font)                  OT1/cmr/bx/n --> TU/PTSans(0)/m/n on input line 26.
LaTeX Font Info:    Overwriting symbol font `operators' in version `normal'
(Font)                  TU/PTSans(0)/m/n --> TU/PTSans(0)/m/n on input line 26.

LaTeX Font Info:    Overwriting math alphabet `\mathit' in version `normal'
(Font)                  OT1/cmr/m/it --> TU/PTSans(0)/m/it on input line 26.
LaTeX Font Info:    Overwriting math alphabet `\mathbf' in version `normal'
(Font)                  OT1/cmr/bx/n --> TU/PTSans(0)/b/n on input line 26.
LaTeX Font Info:    Overwriting math alphabet `\mathsf' in version `normal'
(Font)                  OT1/cmss/m/n --> TU/lmss/m/n on input line 26.
LaTeX Font Info:    Overwriting math alphabet `\mathtt' in version `normal'
(Font)                  OT1/cmtt/m/n --> TU/PTMono(0)/m/n on input line 26.
LaTeX Font Info:    Overwriting symbol font `operators' in version `bold'
(Font)                  TU/PTSans(0)/m/n --> TU/PTSans(0)/b/n on input line 26.

LaTeX Font Info:    Overwriting math alphabet `\mathit' in version `bold'
(Font)                  OT1/cmr/bx/it --> TU/PTSans(0)/b/it on input line 26.
LaTeX Font Info:    Overwriting math alphabet `\mathsf' in version `bold'
(Font)                  OT1/cmss/bx/n --> TU/lmss/b/n on input line 26.
LaTeX Font Info:    Overwriting math alphabet `\mathtt' in version `bold'
(Font)                  OT1/cmtt/m/n --> TU/PTMono(0)/b/n on input line 26.

(/usr/local/texlive/2025/texmf-dist/tex/latex/pdflscape/pdflscape.sty
Package: pdflscape 2022-10-27 v0.13 Display of landscape pages in PDF

(/usr/local/texlive/2025/texmf-dist/tex/latex/pdflscape/pdflscape-nometadata.st
y
Package: pdflscape-nometadata 2022-10-28 v0.13 Display of landscape pages in PD
F (HO)
Package pdflscape Info: Auto-detected driver: dvipdfm (xetex) on input line 98.

))
Package caption Info: Begin \AtBeginDocument code.
Package caption Info: float package is loaded.
Package caption Info: hyperref package is loaded.
Package caption Info: listings package is loaded.
Package caption Info: End \AtBeginDocument code.
\c@lstlisting=\count382
Package hyperref Info: Link coloring ON on input line 26.
 (./main.out) (./main.out)
\@outlinefile=\write5
\openout5 = `main.out'.


*geometry* driver: auto-detecting
*geometry* detected driver: xetex
*geometry* verbose mode - [ preamble ] result:
* driver: xetex
* paper: a4paper
* layout: <same size as paper>
* layoutoffset:(h,v)=(0.0pt,0.0pt)
* modes: includehead includefoot 
* h-part:(L,W,R)=(85.35826pt, 469.47049pt, 42.67912pt)
* v-part:(T,H,B)=(56.9055pt, 731.23584pt, 56.9055pt)
* \paperwidth=597.50787pt
* \paperheight=845.04684pt
* \textwidth=469.47049pt
* \textheight=662.23584pt
* \oddsidemargin=13.08827pt
* \evensidemargin=13.08827pt
* \topmargin=-15.36449pt
* \headheight=14.0pt
* \headsep=25.0pt
* \topskip=14.0pt
* \footskip=30.0pt
* \marginparwidth=15.0pt
* \marginparsep=10.0pt
* \columnsep=10.0pt
* \skip\footins=12.0pt plus 4.0pt minus 2.0pt
* \hoffset=0.0pt
* \voffset=0.0pt
* \mag=1000
* \@twocolumnfalse
* \@twosidefalse
* \@mparswitchfalse
* \@reversemarginfalse
* (1in=72.27pt=25.4mm, 1cm=28.453pt)

\openout2 = `macros.aux'.

(./macros.tex)
File: united_diploma_titlepage.pdf Graphic file (type pdf)
<use united_diploma_titlepage.pdf>
File: united_diploma_titlepage.pdf Graphic file (type pdf)
<use united_diploma_titlepage.pdf, page 1>
File: united_diploma_titlepage.pdf Graphic file (type pdf)
<use united_diploma_titlepage.pdf, page 1>
File: united_diploma_titlepage.pdf Graphic file (type pdf)
<use united_diploma_titlepage.pdf, page 1>
File: united_diploma_titlepage.pdf Graphic file (type pdf)
<use united_diploma_titlepage.pdf, page 1>


File: united_diploma_titlepage.pdf Graphic file (type pdf)
<use united_diploma_titlepage.pdf, page 1>
[1





]
\openout2 = `tocpage.aux'.

 (./tocpage.tex (./main.toc
Overfull \hbox (1.22397pt too wide) detected at line 22
 []\TU/PTSans(1)/m/n/14.4 115
 []



[2

]
Overfull \hbox (1.22397pt too wide) detected at line 23
 []\TU/PTSans(1)/m/n/14.4 120
 []


Overfull \hbox (1.22397pt too wide) detected at line 24
 []\TU/PTSans(1)/m/n/14.4 122
 []


Overfull \hbox (1.22397pt too wide) detected at line 26
 []\TU/PTSans(1)/m/n/14.4 124
 []


Overfull \hbox (1.22397pt too wide) detected at line 27
 []\TU/PTSans(1)/m/n/14.4 127
 []


Overfull \hbox (1.22397pt too wide) detected at line 28
 []\TU/PTSans(1)/m/n/14.4 134
 []


Overfull \hbox (1.22397pt too wide) detected at line 29
 []\TU/PTSans(1)/m/n/14.4 158
 []


Overfull \hbox (1.22397pt too wide) detected at line 31
 []\TU/PTSans(1)/m/n/14.4 160
 []


Overfull \hbox (1.22397pt too wide) detected at line 32
 []\TU/PTSans(1)/m/n/14.4 162
 []


Overfull \hbox (1.22397pt too wide) detected at line 33
 []\TU/PTSans(1)/m/n/14.4 168
 []


Overfull \hbox (1.22397pt too wide) detected at line 35
 []\TU/PTSans(1)/m/n/14.4 171
 []


Overfull \hbox (1.22397pt too wide) detected at line 36
 []\TU/PTSans(1)/m/n/14.4 177
 []


Overfull \hbox (1.22397pt too wide) detected at line 37
 []\TU/PTSans(1)/m/n/14.4 196
 []


Overfull \hbox (1.22397pt too wide) detected at line 38
 []\TU/PTSans(1)/m/n/14.4 200
 []


Overfull \hbox (1.22397pt too wide) detected at line 39
 []\TU/PTSans(1)/m/n/14.4 202
 []

)
\tf@toc=\write6
\openout6 = `main.toc'.



[3])
\openout2 = `Chapters/introduction.aux'.

 (./Chapters/introduction.tex
Underfull \hbox (badness 1077) in paragraph at lines 5--7
[]\TU/PTSans(1)/m/n/14.4 Актуальность исследования внутреннего туризма обусловл
ена не
 []



[4



]

[5]
Underfull \hbox (badness 1331) in paragraph at lines 15--18
[]\TU/PTSans(1)/m/n/14.4 Целью настоящей работы является всестороннее обоснован
ие и
 []



[6])

[7]
\openout2 = `Chapters/first_chapter_business.aux'.

 (./Chapters/first_chapter_business.tex

Package hyperref Warning: The anchor of a bookmark and its parent's must not
(hyperref)                be the same. Added a new anchor on input line 4.



[8



]

[9]

[10]

[11]

[12]
Underfull \hbox (badness 3396) in paragraph at lines 58--59
[]\TU/PTSans(1)/m/n/14.4 Наличие специализированного фильтра для поиска маршрут
ов,
 []



[13]

[14]

[15]

[16]

[17]

[18]

[19]

[20]
Underfull \hbox (badness 2452) in paragraph at lines 159--162
\TU/PTSans(1)/m/n/14.4 удобства взаимодействия с приложением, увеличение вовлеч
ённости
 []



[21]
Underfull \hbox (badness 1168) in paragraph at lines 174--175
[]\TU/PTSans(1)/m/n/14.4 Персонализированные рекомендации маршрутов, основанные
 на
 []



[22]

[23]

[24]

[25]
Underfull \hbox (badness 1320) in paragraph at lines 204--206
[]\TU/PTSans(1)/m/n/14.4 Правительственные инициативы и инвестиции, направленны
е на
 []



[26]
Underfull \hbox (badness 10000) in paragraph at lines 214--214
[]\TU/PTSans(1)/b/n/14.4 2023
 []


Underfull \hbox (badness 10000) in paragraph at lines 214--214
[]\TU/PTSans(1)/b/n/14.4 2024
 []


Underfull \hbox (badness 10000) in paragraph at lines 216--216
[]\TU/PTSans(1)/m/n/14.4 78-160
 []


Underfull \hbox (badness 10000) in paragraph at lines 216--216
[]\TU/PTSans(1)/m/n/14.4 92-170
 []


Underfull \hbox (badness 10000) in paragraph at lines 218--218
[]\TU/PTSans(1)/m/n/14.4 740 млрд
 []


Underfull \hbox (badness 10000) in paragraph at lines 218--218
[]\TU/PTSans(1)/m/n/14.4 917 млрд
 []


Underfull \hbox (badness 10000) in paragraph at lines 220--220
[]\TU/PTSans(1)/m/n/14.4 4,3 трлн
 []


Underfull \hbox (badness 5490) in paragraph at lines 220--220
[]\TU/PTSans(1)/m/n/14.4 2-2,2 трлн
 []


Underfull \hbox (badness 10000) in paragraph at lines 220--220
\TU/PTSans(1)/m/n/14.4 руб. (про-
 []


Underfull \hbox (badness 10000) in paragraph at lines 222--222
[]\TU/PTSans(1)/m/n/14.4 256 млрд
 []


Overfull \hbox (5.32082pt too wide) in paragraph at lines 211--225
 [][] 
 []



[27]
Underfull \hbox (badness 1540) in paragraph at lines 240--241
[]\TU/PTSans(1)/m/n/14.4 Развитая многофункциональность и интеграция с обществе
нным
 []



[28]

[29]
Underfull \hbox (badness 1910) in paragraph at lines 261--262
[]\TU/PTSans(1)/m/n/14.4 Международное присутствие и широкая географическая дос
туп-
 []


Underfull \hbox (badness 2326) in paragraph at lines 262--263
[]\TU/PTSans(1)/m/n/14.4 Высокая степень вовлечённости аудитории. Благодаря акт
ивной
 []


Underfull \hbox (badness 1248) in paragraph at lines 263--264
[]\TU/PTSans(1)/m/n/14.4 Комплексная интеграция с сервисами бронирования. Платф
орма
 []



[30]
Underfull \hbox (badness 3514) in paragraph at lines 271--272
\TU/PTSans(1)/m/n/14.4 критериям. TripAdvisor предлагает недостаточно гибкие ин
струменты
 []



[31]
Underfull \hbox (badness 1616) in paragraph at lines 278--279
[]\TU/PTSans(1)/m/n/14.4 Russpass является специализированной цифровой туристич
еской
 []



[32]
Underfull \hbox (badness 1400) in paragraph at lines 285--286
[]\TU/PTSans(1)/m/n/14.4 Интуитивность интерфейса и удобство эксплуатации. Плат
форма
 []



[33]

[34]

[35]
Underfull \hbox (badness 1715) in paragraph at lines 305--306
[]\TU/PTSans(1)/m/n/14.4 Социальные функции и пользовательский контент. Пользов
атели
 []



[36]
Overfull \hbox (2.27213pt too wide) in paragraph at lines 334--334
[]\TU/PTSans(1)/b/n/12 Яндекс.Карты| 
 []


Underfull \hbox (badness 10000) in paragraph at lines 336--336
[]\TU/PTSans(1)/m/n/12 Географический
 []


Underfull \hbox (badness 10000) in paragraph at lines 338--338
[]\TU/PTSans(1)/m/n/12 Отзывы и
 []


Underfull \hbox (badness 10000) in paragraph at lines 338--338
\TU/PTSans(1)/m/n/12 бронирова-
 []


Overfull \hbox (3.80812pt too wide) in paragraph at lines 338--338
[]\TU/PTSans(1)/m/n/12 Туристическая
 []


Overfull \hbox (5.78812pt too wide) in paragraph at lines 338--339
[]\TU/PTSans(1)/m/n/12 Планирование
 []


Underfull \hbox (badness 10000) in paragraph at lines 340--340
[]\TU/PTSans(1)/m/n/12 Персонализация
 []


Underfull \hbox (badness 10000) in paragraph at lines 344--344
[]\TU/PTSans(1)/m/n/12 Покрытие регио-
 []


Underfull \hbox (badness 10000) in paragraph at lines 344--344
\TU/PTSans(1)/m/n/12 нальных направ-
 []


Overfull \hbox (3.56812pt too wide) in paragraph at lines 346--346
[]\TU/PTSans(1)/m/n/12 Ограниченная| 
 []


Overfull \hbox (3.56812pt too wide) in paragraph at lines 346--346
[]\TU/PTSans(1)/m/n/12 Ограниченная| 
 []


Underfull \hbox (badness 10000) in paragraph at lines 350--350
[]\TU/PTSans(1)/m/n/12 Комиссии,
 []


Underfull \hbox (badness 10000) in paragraph at lines 352--352
[]\TU/PTSans(1)/m/n/12 Целевая аудито-
 []


Underfull \hbox (badness 10000) in paragraph at lines 352--352
[]\TU/PTSans(1)/m/n/12 Все катего-
 []


Underfull \hbox (badness 10000) in paragraph at lines 352--352
[]\TU/PTSans(1)/m/n/12 Все катего-
 []


Underfull \hbox (badness 10000) in paragraph at lines 352--352
[]\TU/PTSans(1)/m/n/12 Туристы по
 []


LaTeX Warning: `h' float specifier changed to `ht'.



[37]

[38]

[39]
Underfull \hbox (badness 1248) in paragraph at lines 387--388
[]\TU/PTSans(1)/m/n/14.4 Комплексное освещение региональных российских направле
ний,
 []



[40]

[41]

[42]

[43]

[44]

[45]
Underfull \hbox (badness 5446) in paragraph at lines 432--433
[]\TU/PTSans(1)/m/n/14.4 Расходы на маркетинг и продвижение (онлайн-реклама, SE
O-
 []



[46]

[47]
Missing character: There is no   (U+202F) in font PT Sans/OT:script=cyrl;langua
ge=dflt;mapping=tex-text;!
Missing character: There is no   (U+202F) in font PT Sans/OT:script=cyrl;langua
ge=dflt;mapping=tex-text;!
Missing character: There is no   (U+202F) in font PT Sans/OT:script=cyrl;langua
ge=dflt;mapping=tex-text;!


[48]
Underfull \hbox (badness 10000) in paragraph at lines 486--486
[]\TU/PTSans(1)/b/n/14.4 Доход рекла-
 []


Underfull \hbox (badness 10000) in paragraph at lines 486--486
[]\TU/PTSans(1)/b/n/14.4 Доход комис-
 []


Underfull \hbox (badness 1776) in paragraph at lines 486--487
[]\TU/PTSans(1)/b/n/14.4 Всего, млн
 []


Underfull \hbox (badness 10000) in paragraph at lines 488--488
[]\TU/PTSans(1)/m/n/14.4 (30000×70
 []


Underfull \hbox (badness 10000) in paragraph at lines 488--488
[]\TU/PTSans(1)/m/n/14.4 (30000×200
 []


Underfull \hbox (badness 10000) in paragraph at lines 490--490
[]\TU/PTSans(1)/m/n/14.4 (70000×180
 []


Underfull \hbox (badness 10000) in paragraph at lines 490--490
[]\TU/PTSans(1)/m/n/14.4 (70000×240
 []


Underfull \hbox (badness 10000) in paragraph at lines 492--492
[]\TU/PTSans(1)/m/n/14.4 (120000×210
 []


Underfull \hbox (badness 10000) in paragraph at lines 492--492
[]\TU/PTSans(1)/m/n/14.4 (120000×250
 []


Overfull \hbox (3.09444pt too wide) in paragraph at lines 484--495
 [][] 
 []


LaTeX Warning: `h' float specifier changed to `ht'.

Missing character: There is no   (U+202F) in font PT Sans/OT:script=cyrl;langua
ge=dflt;mapping=tex-text;!
Missing character: There is no   (U+202F) in font PT Sans/OT:script=cyrl;langua
ge=dflt;mapping=tex-text;!
Missing character: There is no   (U+202F) in font PT Sans/OT:script=cyrl;langua
ge=dflt;mapping=tex-text;!
Missing character: There is no   (U+202F) in font PT Sans/OT:script=cyrl;langua
ge=dflt;mapping=tex-text;!
Missing character: There is no   (U+202F) in font PT Sans/OT:script=cyrl;langua
ge=dflt;mapping=tex-text;!
Missing character: There is no   (U+202F) in font PT Sans/OT:script=cyrl;langua
ge=dflt;mapping=tex-text;!


[49]

[50]
Missing character: There is no   (U+202F) in font PT Sans/OT:script=cyrl;langua
ge=dflt;mapping=tex-text;!


[51]

[52]

[53])

[54]
\openout2 = `Chapters/sixth_chapter_mobile_ui.aux'.

 (./Chapters/sixth_chapter_mobile_ui.tex

Package hyperref Warning: The anchor of a bookmark and its parent's must not
(hyperref)                be the same. Added a new anchor on input line 6.


Underfull \hbox (badness 3049) in paragraph at lines 7--8
[]\TU/PTSans(1)/m/n/14.4 Проектирование пользовательского интерфейса (UI) мобил
ьного
 []



[55



]

[56]

[57]

[58]
Underfull \hbox (badness 10000) in paragraph at lines 46--47
[]\TU/PTSans(1)/m/n/14.4 Кроссплатформенность: Приложение должно работать как н
а
 []



[59]
File: Images/ui/Picture1.png Graphic file (type bmp)
<Images/ui/Picture1.png>


[60]

[61]
File: Images/ui/Picture2.png Graphic file (type bmp)
<Images/ui/Picture2.png>
File: Images/ui/Picture3.png Graphic file (type bmp)
<Images/ui/Picture3.png>


[62]
File: Images/ui/Picture4.png Graphic file (type bmp)
<Images/ui/Picture4.png>


[63]
File: Images/ui/Picture5.png Graphic file (type bmp)
<Images/ui/Picture5.png>


[64]
File: Images/ui/Picture6.png Graphic file (type bmp)
<Images/ui/Picture6.png>
File: Images/ui/Picture7.png Graphic file (type bmp)
<Images/ui/Picture7.png>


[65]

[66]
File: Images/ui/Picture8.png Graphic file (type bmp)
<Images/ui/Picture8.png>


[67]
File: Images/ui/Picture9.png Graphic file (type bmp)
<Images/ui/Picture9.png>


[68]

[69]

[70]
Underfull \hbox (badness 10000) in paragraph at lines 149--150
[]\TU/PTSans(1)/m/n/14.4 Используется система адаптивной вёрстки с применением
 []


Underfull \hbox (badness 10000) in paragraph at lines 156--157
[]\TU/PTSans(1)/m/n/14.4 Элементы управления снабжаются семантическими метками
 []



[71]
Underfull \hbox (badness 10000) in paragraph at lines 165--166
[]\TU/PTSans(1)/m/n/14.4 Используется lazy-загрузка компонентов (ListView.build
er,
 []



[72]

[73])

[74]

[75]
\openout2 = `Chapters/second_chapter_backend_architecture.aux'.

 (./Chapters/second_chapter_backend_architecture.tex

Package hyperref Warning: The anchor of a bookmark and its parent's must not
(hyperref)                be the same. Added a new anchor on input line 5.



[76



]

[77]

[78]

[79]
Underfull \hbox (badness 7326) in paragraph at lines 20--21
[]\TU/PTSans(1)/m/n/14.4 Масштабируемость и отказоустойчивость: Архитектура сис
темы
 []



[80]
Underfull \hbox (badness 1092) in paragraph at lines 21--23
[]\TU/PTSans(1)/m/n/14.4 Безопасность: Важным нефункциональным требованием явля
ется
 []



[81]

[82]

[83]

[84]

[85]

[86]

[87]

[88]
Underfull \hbox (badness 1168) in paragraph at lines 65--66
[]\TU/PTSans(1)/m/n/14.4 Этот раздел посвящен диаграммам проектирования архитек
туры
 []

File: Images/second_chapter_backend_architecture/Picture1.png Graphic file (typ
e bmp)
<Images/second_chapter_backend_architecture/Picture1.png>


[89]

[90]

[91]
File: Images/second_chapter_backend_architecture/Picture2.png Graphic file (typ
e bmp)
<Images/second_chapter_backend_architecture/Picture2.png>


[92]

[93]
File: Images/second_chapter_backend_architecture/Picture3.png Graphic file (typ
e bmp)
<Images/second_chapter_backend_architecture/Picture3.png>


[94]
Underfull \hbox (badness 2894) in paragraph at lines 126--127
[]\TU/PTSans(1)/m/n/14.4 FileStorage Client — клиентский модуль для взаимодейст
вия с
 []

File: Images/second_chapter_backend_architecture/Picture4.png Graphic file (typ
e bmp)
<Images/second_chapter_backend_architecture/Picture4.png>


[95]

[96]
File: Images/second_chapter_backend_architecture/Picture5.png Graphic file (typ
e bmp)
<Images/second_chapter_backend_architecture/Picture5.png>


[97]

[98]
File: Images/second_chapter_backend_architecture/Picture6.png Graphic file (typ
e bmp)
<Images/second_chapter_backend_architecture/Picture6.png>


[99]
File: Images/second_chapter_backend_architecture/Picture7.png Graphic file (typ
e bmp)
<Images/second_chapter_backend_architecture/Picture7.png>


[100]

[101]
File: Images/second_chapter_backend_architecture/Picture8.png Graphic file (typ
e bmp)
<Images/second_chapter_backend_architecture/Picture8.png>


[102]

[103]
File: Images/second_chapter_backend_architecture/Picture9.png Graphic file (typ
e bmp)
<Images/second_chapter_backend_architecture/Picture9.png>


[104]
File: Images/second_chapter_backend_architecture/Picture10.png Graphic file (ty
pe bmp)
<Images/second_chapter_backend_architecture/Picture10.png>


[105]

[106]

[107]

[108]
File: Images/second_chapter_backend_architecture/Picture11.png Graphic file (ty
pe bmp)
<Images/second_chapter_backend_architecture/Picture11.png>


[109]
Overfull \vbox (22.35323pt too high) has occurred while \output is active []



[110]

[111]

[112]

[113]
File: Images/second_chapter_backend_architecture/Picture12.png Graphic file (ty
pe bmp)
<Images/second_chapter_backend_architecture/Picture12.png>


[114]
Underfull \hbox (badness 4429) in paragraph at lines 330--332
[]\TU/PTSans(1)/m/n/14.4 Таблица route_comments хранит комментарии пользователе
й к
 []



[115]
File: Images/second_chapter_backend_architecture/Picture13.png Graphic file (ty
pe bmp)
<Images/second_chapter_backend_architecture/Picture13.png>


[116]
Underfull \hbox (badness 1924) in paragraph at lines 351--353
\TU/PTSans(1)/m/n/14.4 vkr-profile и др.). В каждом репозитории настраивается с
обственный
 []



[117]
Underfull \hbox (badness 1033) in paragraph at lines 355--357
\TU/PTSans(1)/m/n/14.4 ступность при развертывании. Каждый образ или чарт получ
ает уни-
 []



[118]

[119]

[120]

[121]

[122]
Missing character: There is no   (U+202F) in font PT Sans/OT:script=cyrl;langua
ge=dflt;mapping=tex-text;!


[123])

[124]
\openout2 = `Chapters/forth_chapter_mobile_architecture.aux'.

 (./Chapters/forth_chapter_mobile_architecture.tex

Package hyperref Warning: The anchor of a bookmark and its parent's must not
(hyperref)                be the same. Added a new anchor on input line 6.



[125



]

[126]

[127]
File: Images/mobile_logic/история_поиск_маршрута-2025-04-13-175239.png Graphic 
file (type bmp)
<Images/mobile_logic/история_поиск_маршрута-2025-04-13-175239.png>


[128]

[129]
File: Images/mobile_logic/создание_маршрута-2025-04-13-180512.png Graphic file 
(type bmp)
<Images/mobile_logic/создание_маршрута-2025-04-13-180512.png>


[130]

[131]

[132]
Underfull \hbox (badness 2368) in paragraph at lines 67--68
[]\TU/PTSans(1)/m/n/14.4 Диаграмма вариантов использования демонстрирует следую
щие
 []



[133]
File: Images/mobile_logic/диаграмма_вариантов_использования.png Graphic file (t
ype bmp)
<Images/mobile_logic/диаграмма_вариантов_использования.png>


[134]

[135]

[136]

[137]

[138]

[139]

[140]

[141]

[142]

[143]

[144]

[145]

[146]
Underfull \hbox (badness 1596) in paragraph at lines 386--387
[]\TU/PTSans(1)/b/n/14.4 Избыточное количество boilerplate-кода \TU/PTSans(1)/m
/n/14.4 — требуется написание
 []


Underfull \hbox (badness 1642) in paragraph at lines 422--423
[]\TU/PTSans(1)/m/n/14.4 BLoC — архитектурный шаблон, специально разработанный 
для
 []



[147]
Underfull \hbox (badness 1521) in paragraph at lines 438--439
[]\TU/PTSans(1)/b/n/14.4 Events \TU/PTSans(1)/m/n/14.4 — такие события, как ”За
грузить маршруты”, ”Применить
 []



[148]

[149]
Underfull \hbox (badness 3590) in paragraph at lines 468--469
[]\TU/PTSans(1)/b/n/14.4 Разделение ответственности\TU/PTSans(1)/m/n/14.4 : Чет
кое разделение UI от бизнес-
 []



[150]
Underfull \hbox (badness 2119) in paragraph at lines 487--488
[]\TU/PTSans(1)/b/n/14.4 L – Принцип подстановки Барбары Лисков (Liskov Substit
ution
 []



[151]

[152]

[153]
Underfull \hbox (badness 1087) in paragraph at lines 512--513
[]\TU/PTSans(1)/m/n/14.4 Применение Чистой архитектуры способствует независимос
ти от
 []



[154]

[155]

[156]
Underfull \hbox (badness 5260) in paragraph at lines 545--546
[]\TU/PTSans(1)/b/n/14.4 ScopeHolder\TU/PTSans(1)/m/n/14.4 : Сущность, которая 
«держит» активный экземпляр
 []


Underfull \hbox (badness 10000) in paragraph at lines 546--547
[]\TU/PTSans(1)/b/n/14.4 ScopeProvider \TU/PTSans(1)/m/n/14.4 и \TU/PTSans(1)/b
/n/14.4 ScopeBuilder\TU/PTSans(1)/m/n/14.4 : Виджеты из библиотеки
 []


Underfull \hbox (badness 3029) in paragraph at lines 546--547
\TU/PTSans(1)/m/n/14.4 yx_scope_flutter, предназначенные для интеграции скоупов
 в дерево
 []


Underfull \hbox (badness 2564) in paragraph at lines 549--550
[]\TU/PTSans(1)/m/n/14.4 В данном приложении \TU/PTSans(1)/b/n/14.4 yx_scope \T
U/PTSans(1)/m/n/14.4 используется для определения
 []


Underfull \hbox (badness 1215) in paragraph at lines 549--550
\TU/PTSans(1)/m/n/14.4 ражением основного контента, и более локальные скоупы, т
акие как
 []



[157]
Underfull \hbox (badness 3019) in paragraph at lines 560--561
\TU/PTSans(1)/m/n/14.4 ентский и серверный код на различных языках (включая Dar
t для
 []



[158]
Underfull \hbox (badness 6691) in paragraph at lines 569--570
[]\TU/PTSans(1)/m/n/14.4 Проведённый анализ альтернативных архитектурных подход
ов
 []



[159])

[160]
\openout2 = `Chapters/fifth_chapter_mobile_implementation.aux'.

 (./Chapters/fifth_chapter_mobile_implementation.tex

Package hyperref Warning: The anchor of a bookmark and its parent's must not
(hyperref)                be the same. Added a new anchor on input line 7.



[161



]
File: Images/mobile_logic/структура_фичи.png Graphic file (type bmp)
<Images/mobile_logic/структура_фичи.png>

Overfull \hbox (73.09062pt too wide) in paragraph at lines 17--18
 [][] 
 []



[162

]
Underfull \hbox (badness 2065) in paragraph at lines 33--34
[]\TU/PTSans(1)/b/n/14.4 createPlace \TU/PTSans(1)/m/n/14.4 отправляет запрос н
а создание пользвателем места
 []



[163

]
Underfull \hbox (badness 1303) in paragraph at lines 41--42
[]\TU/PTSans(1)/m/n/14.4 Дальше полученные данные обрабатываются в соответствую
ших
 []



[164]
Underfull \hbox (badness 10000) in paragraph at lines 55--56
[]\TU/PTSans(1)/m/n/14.4 Этот блок обрабатывает уже два события:
 []


Underfull \hbox (badness 10000) in paragraph at lines 55--56
\TU/PTSans(1)/m/n/14.4 AvailableFilterRoutesFetched (запрос доступных фильтров)
 и
 []


Underfull \hbox (badness 2762) in paragraph at lines 55--56
\TU/PTSans(1)/m/n/14.4 UserFilterRoutesChanged (изменение пользовательских филь
тров). Код
 []


Underfull \hbox (badness 3439) in paragraph at lines 57--58
\TU/PTSans(1)/m/n/14.4 ных фильтров и изменения пользовательских фильтров, взаи
модей-
 []


Underfull \hbox (badness 1552) in paragraph at lines 57--58
\TU/PTSans(1)/m/n/14.4 ствуя с ContentRepository. Код блока находится в Приложе
нии, файл
 []



[165]
Underfull \hbox (badness 1454) in paragraph at lines 62--63
[]\TU/PTSans(1)/m/n/14.4 Функциональность создания маршрутов является более сло
жной
 []


Underfull \hbox (badness 3758) in paragraph at lines 75--76
[]\TU/PTSans(1)/m/n/14.4 Так для заполнения общей информации о маршруте был со-

 []


Underfull \hbox (badness 10000) in paragraph at lines 75--76
\TU/PTSans(1)/m/n/14.4 здан CreateRouteFormBloc. У него есть два основных состо
яния:
 []


Underfull \hbox (badness 1496) in paragraph at lines 75--76
\TU/PTSans(1)/m/n/14.4 CreateRouteFormEdited (форма редактируется) и CreateRout
eFormFilled
 []



[166]
Underfull \hbox (badness 10000) in paragraph at lines 79--80
\TU/PTSans(1)/m/n/14.4 здания общей информации о маршруте и определяет, заполне
на
 []


Underfull \hbox (badness 1845) in paragraph at lines 79--80
\TU/PTSans(1)/m/n/14.4 ли форма корректно. Полный код представлен в Приложении,
 файл
 []


Underfull \hbox (badness 1199) in paragraph at lines 81--82
[]\TU/PTSans(1)/m/n/14.4 За создание и изменение порядка точек на маршруте отве
чает
 []



[167]
Underfull \hbox (badness 10000) in paragraph at lines 89--90
[]\TU/PTSans(1)/m/n/14.4 А также он содержит следующие события на изменения
 []


Underfull \hbox (badness 10000) in paragraph at lines 89--90
\TU/PTSans(1)/m/n/14.4 этого состояния. Код событий представлен в Приложении, ф
айл
 []


Underfull \hbox (badness 10000) in paragraph at lines 93--94
[]\TU/PTSans(1)/m/n/14.4 Объединение состояния блоков CreatePointsFormBloc и
 []


Underfull \hbox (badness 7064) in paragraph at lines 93--94
\TU/PTSans(1)/m/n/14.4 CreateRouteFormBloc происходит в методе createRoute инте
рактора
 []


Underfull \hbox (badness 1377) in paragraph at lines 93--94
\TU/PTSans(1)/m/n/14.4 рута, взаимодействуя с ContentRepository. Полный код пре
дставлен в
 []


Underfull \hbox (badness 10000) in paragraph at lines 97--98
[]\TU/PTSans(1)/m/n/14.4 Взаимодействие между блоками CreatePointsFormBloc и
 []



[168]
Underfull \hbox (badness 1769) in paragraph at lines 109--110
[]\TU/PTSans(1)/m/n/14.4 Паттерн BLoC продемонстрировал свою эффективность при 
ре-
 []


Underfull \hbox (badness 2293) in paragraph at lines 109--110
\TU/PTSans(1)/m/n/14.4 ализации различных по сложности функциональностей. Для п
ростых
 []


Underfull \hbox (badness 1048) in paragraph at lines 109--110
\TU/PTSans(1)/m/n/14.4 задач (получение и фильтрация маршрутов) достаточно базо
вых бло-
 []


Underfull \hbox (badness 4739) in paragraph at lines 109--110
\TU/PTSans(1)/m/n/14.4 ков RoutesBloc и FilterRoutesBloc, тогда как для сложной
 функци-
 []


Underfull \hbox (badness 2326) in paragraph at lines 109--110
\TU/PTSans(1)/m/n/14.4 ональности создания маршрутов была успешно применена ком
пози-
 []


Underfull \hbox (badness 2065) in paragraph at lines 109--110
\TU/PTSans(1)/m/n/14.4 ция из нескольких взаимодействующих блоков (CreateRouteF
ormBloc,
 []



[169]

[170])

[171]
\openout2 = `Chapters/third_chapter_backend_implementation.aux'.

 (./Chapters/third_chapter_backend_implementation.tex

Package hyperref Warning: The anchor of a bookmark and its parent's must not
(hyperref)                be the same. Added a new anchor on input line 4.


Underfull \hbox (badness 1708) in paragraph at lines 11--12
[]\TU/PTSans(1)/m/n/14.4 Детерминированность сборки: Механизм модулей Go (go.mo
d и
 []



[172



]
Underfull \hbox (badness 2990) in paragraph at lines 17--18
[]\TU/PTSans(1)/m/n/14.4 Межсервисное взаимодействие организовано с использован
ием
 []


Underfull \hbox (badness 1028) in paragraph at lines 21--22
[]\TU/PTSans(1)/m/n/14.4 Строгие контракты и стабильность API: Определение серв
исов в
 []



[173]

[174]
Underfull \hbox (badness 10000) in paragraph at lines 45--46
[]\TU/PTSans(1)/m/n/14.4 Для работы с PostgreSQL используется стандартный пакет

 []


Underfull \hbox (badness 3281) in paragraph at lines 45--46
\TU/PTSans(1)/m/n/14.4 database/sql вместе с драйвером (pgx или pq). Такой подх
од даёт
 []



[175]

[176]
Underfull \hbox (badness 1377) in paragraph at lines 63--64
[]\TU/PTSans(1)/m/n/14.4 Обычный NATS — это лёгкий брокер сообщений с поддержко
й
 []


Underfull \hbox (badness 1509) in paragraph at lines 63--64
\TU/PTSans(1)/m/n/14.4 pub/sub, но без долговременного хранения: сообщения дост
авляются
 []


Underfull \hbox (badness 2512) in paragraph at lines 63--64
\TU/PTSans(1)/m/n/14.4 активным подписчикам мгновенно и затем удаляются (at-mos
t-once).
 []



[177]

[178]

[179]
Underfull \hbox (badness 2426) in paragraph at lines 83--84
\TU/PTSans(1)/m/n/14.4 содержит gRPC-сервер и переводит входящие протоколы Prot
obuf в
 []



[180]
Underfull \hbox (badness 3108) in paragraph at lines 90--91
[]\TU/PTSans(1)/m/n/14.4 Назначение: Сервис профилей отвечает за хранение и упр
ав-
 []


Underfull \hbox (badness 1377) in paragraph at lines 90--91
\TU/PTSans(1)/m/n/14.4 ление пользовательскими профилями, включая информацию о 
имени
 []



[181]
Underfull \hbox (badness 1142) in paragraph at lines 92--93
[]\TU/PTSans(1)/m/n/14.4 Основные бизнес-задачи: хранение данных профиля, подде
ржка
 []


Underfull \hbox (badness 1205) in paragraph at lines 92--93
\TU/PTSans(1)/m/n/14.4 уникальности username, обработка действий «подписаться/о
тписаться»
 []



[182]
Underfull \hbox (badness 1077) in paragraph at lines 105--106
\TU/PTSans(1)/m/n/14.4 ки файл регистрируется в таблице files FileStorage, а ID
 сохраняется
 []



[183]
Underfull \hbox (badness 10000) in paragraph at lines 107--108
\TU/PTSans(1)/m/n/14.4 ProfileRepository (CRUD-операции над profiles/follows) и
 интерфейс
 []


Underfull \hbox (badness 2050) in paragraph at lines 109--110
\TU/PTSans(1)/m/n/14.4 инициирует gRPC-вызов CreateProfile в ProfileService для
 добавления
 []


Underfull \hbox (badness 10000) in paragraph at lines 109--110
\TU/PTSans(1)/m/n/14.4 ProfileService обращается к FileStorageService
 []



[184]

[185]
Underfull \hbox (badness 10000) in paragraph at lines 127--128
\TU/PTSans(1)/m/n/14.4 если пользователь не авторизован — UNAUTHENTICATED, и
 []



[186]
Underfull \hbox (badness 3068) in paragraph at lines 129--130
[]\TU/PTSans(1)/m/n/14.4 Архитектура: Чистая архитектура: доменные сущности «Li
ke» и
 []


Underfull \hbox (badness 1845) in paragraph at lines 129--130
\TU/PTSans(1)/m/n/14.4 usecase-слой для бизнес-логики (проверка существования м
аршрута/-
 []


Underfull \hbox (badness 10000) in paragraph at lines 133--134
[]\TU/PTSans(1)/m/n/14.4 Взаимодействие: при добавлении лайка или комментария
 []


Underfull \hbox (badness 10000) in paragraph at lines 133--134
\TU/PTSans(1)/m/n/14.4 инкапсулированы в usecase (например, интерфейсы ContentC
lient,
 []



[187]

[188]

[189]
Underfull \hbox (badness 1412) in paragraph at lines 166--167
\TU/PTSans(1)/m/n/14.4 и переадресует данные во FileStorageService: либо получа
ет от него
 []



[190]
Underfull \hbox (badness 1038) in paragraph at lines 167--168
[]\TU/PTSans(1)/m/n/14.4 GetPlaceImage (stream): загрузка изображения с помощью
 gRPC-
 []


Underfull \hbox (badness 2261) in paragraph at lines 169--170
\TU/PTSans(1)/m/n/14.4 ет стандартные CRUD-операции над SQL, дополняя их необхо
димы-
 []



[191]

[192]

[193]
Underfull \hbox (badness 1215) in paragraph at lines 194--195
\TU/PTSans(1)/m/n/14.4 лучения файлов: они могут использовать gRPC-методы загру
зки либо
 []



[194]

[195]
Underfull \hbox (badness 3098) in paragraph at lines 203--204
\TU/PTSans(1)/m/n/14.4 висов. Например, после регистрации AuthService публикует
 событие
 []


Underfull \hbox (badness 1540) in paragraph at lines 203--204
\TU/PTSans(1)/m/n/14.4 зывает Brevo API. Подобным образом могут обрабатываться 
события
 []



[196]
Underfull \hbox (badness 1057) in paragraph at lines 213--214
[]\TU/PTSans(1)/m/n/14.4 В системе «Путешествия по России» каждый микросервис (
auth,
 []



[197]
Underfull \hbox (badness 10000) in paragraph at lines 220--221
[]\TU/PTSans(1)/m/n/14.4 Сборка приложения ведётся с помощью многоступенчатого
 []


Underfull \hbox (badness 1430) in paragraph at lines 220--221
\TU/PTSans(1)/m/n/14.4 Dockerfile. На этапе build используется образ golang:1.2
4, в котором
 []


Underfull \hbox (badness 1859) in paragraph at lines 220--221
\TU/PTSans(1)/m/n/14.4 инструменты сборки и прочие ненужные слои. Такой подход 
значи-
 []


Underfull \hbox (badness 2393) in paragraph at lines 220--221
\TU/PTSans(1)/m/n/14.4 тельно уменьшает размер контейнера и поверхность потенци
альных
 []



[198]
Missing character: There is no → (U+2192) in font PT Sans/OT:script=cyrl;langua
ge=dflt;mapping=tex-text;!
Missing character: There is no → (U+2192) in font PT Sans/OT:script=cyrl;langua
ge=dflt;mapping=tex-text;!
Missing character: There is no → (U+2192) in font PT Sans/OT:script=cyrl;langua
ge=dflt;mapping=tex-text;!


[199]

[200]
Underfull \hbox (badness 1824) in paragraph at lines 251--252
[]\TU/PTSans(1)/m/n/14.4 В юнит-тестах проверяются изолированные логические фун
кции
 []



[201]

[202]
Underfull \hbox (badness 1033) in paragraph at lines 260--261
\TU/PTSans(1)/m/n/14.4 выми скриптами. Например, можно использовать официальный
 образ
 []



[203])
Underfull \hbox (badness 1337) in paragraph at lines 270--59
\TU/PTSans(1)/m/n/14.4 использованием микросервисной архитектуры. Разработанная
 система
 []



[204]

[205]
\openout2 = `Chapters/conclustion.aux'.

 (./Chapters/conclustion.tex
Underfull \hbox (badness 3471) in paragraph at lines 4--5
[]\TU/PTSans(1)/m/n/14.4 Ключевым катализатором пользовательской вовлечённости 
стал
 []


Underfull \hbox (badness 1057) in paragraph at lines 4--5
\TU/PTSans(1)/m/n/14.4 тщательно проработанный дизайн: серия глубинных интервью
 и CJM-
 []



[206



])
Underfull \hbox (badness 10000) in paragraph at lines 8--61
\TU/PTSans(1)/m/n/14.4 и Notifications взаимодействуют по строго типизированным
 gRPC-
 []



[207]
\openout2 = `bibpage.aux'.

 (./bibpage.tex (./main.bbl

[208



]

[209]
Underfull \hbox (badness 1688) in paragraph at lines 133--137
[]\TU/PTSans(1)/m/n/14.4 Flutter Team.  General approach to app architecture (c
ase study
 []


Underfull \hbox (badness 10000) in paragraph at lines 133--137
\TU/PTSans(1)/m/n/14.4 overview), 2025.  URL [][]$[][][][][] [] [] [] [][][][] 
[] [][][][][][][] [] [][][] [] [][][][][][][][][][][][][][][][][] []
 []



[210]
Underfull \hbox (badness 10000) in paragraph at lines 151--155
\TU/PTSans(1)/m/n/14.4 2025.  URL [][]$[][][][][] [] [] [] [][][][] [] [][][][]
[][][] [] [][][] [] [][][][][][][][][][][][][][][][][] [] [][][][][][][][][][][
] []
 []



[211]
Underfull \hbox (badness 10000) in paragraph at lines 187--191
[]\TU/PTSans(1)/m/n/14.4 Команда Яндекс.Образования.  ООП в dart (Объектно-
 []


Underfull \hbox (badness 3746) in paragraph at lines 187--191
\TU/PTSans(1)/m/n/14.4 ориентированное программирование), .  URL [][]$[][][][][
] [] [] [] [][][][][][][][][] []
 []


Underfull \hbox (badness 4686) in paragraph at lines 187--191
[][][][][][] [] [][] [] [][][][][][][][] [] [][][][][][][] [] [][][][][][][] []
 [][][][][][][][][]$[][]\TU/PTSans(1)/m/n/14.4 .  Дата обращения: 8
 []


Underfull \hbox (badness 10000) in paragraph at lines 193--197
[][][][][][][][][] [] [][][][][][] [] [][] [] [][][][][][][][] [] [][][][][][][
] [] [][][][][][][] [] [][][][][][][][][][][][][][][][][][][][][][][][][][][]$[
][]\TU/PTSans(1)/m/n/14.4 .
 []


Underfull \hbox (badness 10000) in paragraph at lines 199--203
[]\TU/PTSans(1)/m/n/14.4 Команда Яндекс.Образования.  Зависимости flutter-проек
та,
 []


Underfull \hbox (badness 10000) in paragraph at lines 199--203
\TU/PTSans(1)/m/n/14.4 .  URL [][]$[][][][][] [] [] [] [][][][][][][][][] [] []
[][][][][] [] [][] [] [][][][][][][][] [] [][][][][][][] [] [][][][][][][] []
 []


Underfull \hbox (badness 10000) in paragraph at lines 205--209
[]\TU/PTSans(1)/m/n/14.4 Команда Яндекс.Образования.  Какие бывают видже-
 []


Underfull \hbox (badness 10000) in paragraph at lines 205--209
\TU/PTSans(1)/m/n/14.4 ты: Statelesswidget, statefulwidget, inheritedwidget, .
 []


Underfull \hbox (badness 10000) in paragraph at lines 205--209
\TU/PTSans(1)/m/n/14.4 URL [][]$[][][][][] [] [] [] [][][][][][][][][] [] [][][
][][][] [] [][] [] [][][][][][][][] [] [][][][][][][] [] [][][][][][][] []
 []


Underfull \hbox (badness 1199) in paragraph at lines 205--209
[][][][][][][][][][][][][][][][][][][][][][][][][][][][][][][][][][][][][][][][
][]$[][]\TU/PTSans(1)/m/n/14.4 .  Дата обращения: 27 апреля
 []


Underfull \hbox (badness 10000) in paragraph at lines 211--215
[]\TU/PTSans(1)/m/n/14.4 Команда Яндекс.Образования.  Интернационализация flutt
er-
 []


Underfull \hbox (badness 3009) in paragraph at lines 211--215
\TU/PTSans(1)/m/n/14.4 приложения, .  URL [][]$[][][][][] [] [] [] [][][][][][]
[][][] [] [][][][][][] [] [][] [] [][][][][][][][] [] [][][][][][][] []
 []

))

[212]
File: diploma_application.pdf Graphic file (type pdf)
<use diploma_application.pdf>
File: diploma_application.pdf Graphic file (type pdf)
<use diploma_application.pdf, page 1>
File: diploma_application.pdf Graphic file (type pdf)
<use diploma_application.pdf, page 1>
File: diploma_application.pdf Graphic file (type pdf)
<use diploma_application.pdf, page 1>
File: diploma_application.pdf Graphic file (type pdf)
<use diploma_application.pdf, page 1>


File: diploma_application.pdf Graphic file (type pdf)
<use diploma_application.pdf, page 1>
[213



]
File: diploma_application.pdf Graphic file (type pdf)
<use diploma_application.pdf, page 2>
File: diploma_application.pdf Graphic file (type pdf)
<use diploma_application.pdf, page 2>


File: diploma_application.pdf Graphic file (type pdf)
<use diploma_application.pdf, page 2>
[214

]
File: diploma_application.pdf Graphic file (type pdf)
<use diploma_application.pdf, page 3>
File: diploma_application.pdf Graphic file (type pdf)
<use diploma_application.pdf, page 3>


File: diploma_application.pdf Graphic file (type pdf)
<use diploma_application.pdf, page 3>
[215

]
File: diploma_application.pdf Graphic file (type pdf)
<use diploma_application.pdf, page 4>
File: diploma_application.pdf Graphic file (type pdf)
<use diploma_application.pdf, page 4>


File: diploma_application.pdf Graphic file (type pdf)
<use diploma_application.pdf, page 4>
[216

]
File: diploma_application.pdf Graphic file (type pdf)
<use diploma_application.pdf, page 5>
File: diploma_application.pdf Graphic file (type pdf)
<use diploma_application.pdf, page 5>


File: diploma_application.pdf Graphic file (type pdf)
<use diploma_application.pdf, page 5>
[217

]
File: diploma_application.pdf Graphic file (type pdf)
<use diploma_application.pdf, page 6>
File: diploma_application.pdf Graphic file (type pdf)
<use diploma_application.pdf, page 6>


File: diploma_application.pdf Graphic file (type pdf)
<use diploma_application.pdf, page 6>
[218

]
File: diploma_application.pdf Graphic file (type pdf)
<use diploma_application.pdf, page 7>
File: diploma_application.pdf Graphic file (type pdf)
<use diploma_application.pdf, page 7>


File: diploma_application.pdf Graphic file (type pdf)
<use diploma_application.pdf, page 7>
[219

]
File: diploma_application.pdf Graphic file (type pdf)
<use diploma_application.pdf, page 8>
File: diploma_application.pdf Graphic file (type pdf)
<use diploma_application.pdf, page 8>


File: diploma_application.pdf Graphic file (type pdf)
<use diploma_application.pdf, page 8>
[220

]
File: diploma_application.pdf Graphic file (type pdf)
<use diploma_application.pdf, page 9>
File: diploma_application.pdf Graphic file (type pdf)
<use diploma_application.pdf, page 9>


File: diploma_application.pdf Graphic file (type pdf)
<use diploma_application.pdf, page 9>
[221

]
File: diploma_application.pdf Graphic file (type pdf)
<use diploma_application.pdf, page 10>
File: diploma_application.pdf Graphic file (type pdf)
<use diploma_application.pdf, page 10>


File: diploma_application.pdf Graphic file (type pdf)
<use diploma_application.pdf, page 10>
[222

]
File: diploma_application.pdf Graphic file (type pdf)
<use diploma_application.pdf, page 11>
File: diploma_application.pdf Graphic file (type pdf)
<use diploma_application.pdf, page 11>


File: diploma_application.pdf Graphic file (type pdf)
<use diploma_application.pdf, page 11>
[223

]
File: diploma_application.pdf Graphic file (type pdf)
<use diploma_application.pdf, page 12>
File: diploma_application.pdf Graphic file (type pdf)
<use diploma_application.pdf, page 12>


File: diploma_application.pdf Graphic file (type pdf)
<use diploma_application.pdf, page 12>
[224

]
File: diploma_application.pdf Graphic file (type pdf)
<use diploma_application.pdf, page 13>
File: diploma_application.pdf Graphic file (type pdf)
<use diploma_application.pdf, page 13>


File: diploma_application.pdf Graphic file (type pdf)
<use diploma_application.pdf, page 13>
[225

]
File: diploma_application.pdf Graphic file (type pdf)
<use diploma_application.pdf, page 14>
File: diploma_application.pdf Graphic file (type pdf)
<use diploma_application.pdf, page 14>


File: diploma_application.pdf Graphic file (type pdf)
<use diploma_application.pdf, page 14>
[226

]
File: diploma_application.pdf Graphic file (type pdf)
<use diploma_application.pdf, page 15>
File: diploma_application.pdf Graphic file (type pdf)
<use diploma_application.pdf, page 15>


File: diploma_application.pdf Graphic file (type pdf)
<use diploma_application.pdf, page 15>
[227

]
File: diploma_application.pdf Graphic file (type pdf)
<use diploma_application.pdf, page 16>
File: diploma_application.pdf Graphic file (type pdf)
<use diploma_application.pdf, page 16>


File: diploma_application.pdf Graphic file (type pdf)
<use diploma_application.pdf, page 16>
[228

]
File: diploma_application.pdf Graphic file (type pdf)
<use diploma_application.pdf, page 17>
File: diploma_application.pdf Graphic file (type pdf)
<use diploma_application.pdf, page 17>


File: diploma_application.pdf Graphic file (type pdf)
<use diploma_application.pdf, page 17>
[229

]
File: diploma_application.pdf Graphic file (type pdf)
<use diploma_application.pdf, page 18>
File: diploma_application.pdf Graphic file (type pdf)
<use diploma_application.pdf, page 18>


File: diploma_application.pdf Graphic file (type pdf)
<use diploma_application.pdf, page 18>
[230

]
File: diploma_application.pdf Graphic file (type pdf)
<use diploma_application.pdf, page 19>
File: diploma_application.pdf Graphic file (type pdf)
<use diploma_application.pdf, page 19>


File: diploma_application.pdf Graphic file (type pdf)
<use diploma_application.pdf, page 19>
[231

]
File: diploma_application.pdf Graphic file (type pdf)
<use diploma_application.pdf, page 20>
File: diploma_application.pdf Graphic file (type pdf)
<use diploma_application.pdf, page 20>


File: diploma_application.pdf Graphic file (type pdf)
<use diploma_application.pdf, page 20>
[232

]
File: diploma_application.pdf Graphic file (type pdf)
<use diploma_application.pdf, page 21>
File: diploma_application.pdf Graphic file (type pdf)
<use diploma_application.pdf, page 21>


File: diploma_application.pdf Graphic file (type pdf)
<use diploma_application.pdf, page 21>
[233

]
File: diploma_application.pdf Graphic file (type pdf)
<use diploma_application.pdf, page 22>
File: diploma_application.pdf Graphic file (type pdf)
<use diploma_application.pdf, page 22>


File: diploma_application.pdf Graphic file (type pdf)
<use diploma_application.pdf, page 22>
[234

]
File: diploma_application.pdf Graphic file (type pdf)
<use diploma_application.pdf, page 23>
File: diploma_application.pdf Graphic file (type pdf)
<use diploma_application.pdf, page 23>


File: diploma_application.pdf Graphic file (type pdf)
<use diploma_application.pdf, page 23>
[235

]
File: diploma_application.pdf Graphic file (type pdf)
<use diploma_application.pdf, page 24>
File: diploma_application.pdf Graphic file (type pdf)
<use diploma_application.pdf, page 24>


File: diploma_application.pdf Graphic file (type pdf)
<use diploma_application.pdf, page 24>
[236

]
File: diploma_application.pdf Graphic file (type pdf)
<use diploma_application.pdf, page 25>
File: diploma_application.pdf Graphic file (type pdf)
<use diploma_application.pdf, page 25>


File: diploma_application.pdf Graphic file (type pdf)
<use diploma_application.pdf, page 25>
[237

]
File: diploma_application.pdf Graphic file (type pdf)
<use diploma_application.pdf, page 26>
File: diploma_application.pdf Graphic file (type pdf)
<use diploma_application.pdf, page 26>


File: diploma_application.pdf Graphic file (type pdf)
<use diploma_application.pdf, page 26>
[238

]
File: diploma_application.pdf Graphic file (type pdf)
<use diploma_application.pdf, page 27>
File: diploma_application.pdf Graphic file (type pdf)
<use diploma_application.pdf, page 27>


File: diploma_application.pdf Graphic file (type pdf)
<use diploma_application.pdf, page 27>
[239

]
File: diploma_application.pdf Graphic file (type pdf)
<use diploma_application.pdf, page 28>
File: diploma_application.pdf Graphic file (type pdf)
<use diploma_application.pdf, page 28>


File: diploma_application.pdf Graphic file (type pdf)
<use diploma_application.pdf, page 28>
[240

]
File: diploma_application.pdf Graphic file (type pdf)
<use diploma_application.pdf, page 29>
File: diploma_application.pdf Graphic file (type pdf)
<use diploma_application.pdf, page 29>


File: diploma_application.pdf Graphic file (type pdf)
<use diploma_application.pdf, page 29>
[241

]
File: diploma_application.pdf Graphic file (type pdf)
<use diploma_application.pdf, page 30>
File: diploma_application.pdf Graphic file (type pdf)
<use diploma_application.pdf, page 30>


File: diploma_application.pdf Graphic file (type pdf)
<use diploma_application.pdf, page 30>
[242

]
File: diploma_application.pdf Graphic file (type pdf)
<use diploma_application.pdf, page 31>
File: diploma_application.pdf Graphic file (type pdf)
<use diploma_application.pdf, page 31>


File: diploma_application.pdf Graphic file (type pdf)
<use diploma_application.pdf, page 31>
[243

]
File: diploma_application.pdf Graphic file (type pdf)
<use diploma_application.pdf, page 32>
File: diploma_application.pdf Graphic file (type pdf)
<use diploma_application.pdf, page 32>


File: diploma_application.pdf Graphic file (type pdf)
<use diploma_application.pdf, page 32>
[244

]
File: diploma_application.pdf Graphic file (type pdf)
<use diploma_application.pdf, page 33>
File: diploma_application.pdf Graphic file (type pdf)
<use diploma_application.pdf, page 33>


File: diploma_application.pdf Graphic file (type pdf)
<use diploma_application.pdf, page 33>
[245

]
File: diploma_application.pdf Graphic file (type pdf)
<use diploma_application.pdf, page 34>
File: diploma_application.pdf Graphic file (type pdf)
<use diploma_application.pdf, page 34>


File: diploma_application.pdf Graphic file (type pdf)
<use diploma_application.pdf, page 34>
[246

]
File: diploma_application.pdf Graphic file (type pdf)
<use diploma_application.pdf, page 35>
File: diploma_application.pdf Graphic file (type pdf)
<use diploma_application.pdf, page 35>


File: diploma_application.pdf Graphic file (type pdf)
<use diploma_application.pdf, page 35>
[247

]
File: diploma_application.pdf Graphic file (type pdf)
<use diploma_application.pdf, page 36>
File: diploma_application.pdf Graphic file (type pdf)
<use diploma_application.pdf, page 36>


File: diploma_application.pdf Graphic file (type pdf)
<use diploma_application.pdf, page 36>
[248

]
File: diploma_application.pdf Graphic file (type pdf)
<use diploma_application.pdf, page 37>
File: diploma_application.pdf Graphic file (type pdf)
<use diploma_application.pdf, page 37>


File: diploma_application.pdf Graphic file (type pdf)
<use diploma_application.pdf, page 37>
[249

]
File: diploma_application.pdf Graphic file (type pdf)
<use diploma_application.pdf, page 38>
File: diploma_application.pdf Graphic file (type pdf)
<use diploma_application.pdf, page 38>


File: diploma_application.pdf Graphic file (type pdf)
<use diploma_application.pdf, page 38>
[250

]
File: diploma_application.pdf Graphic file (type pdf)
<use diploma_application.pdf, page 39>
File: diploma_application.pdf Graphic file (type pdf)
<use diploma_application.pdf, page 39>


File: diploma_application.pdf Graphic file (type pdf)
<use diploma_application.pdf, page 39>
[251

]
File: diploma_application.pdf Graphic file (type pdf)
<use diploma_application.pdf, page 40>
File: diploma_application.pdf Graphic file (type pdf)
<use diploma_application.pdf, page 40>


File: diploma_application.pdf Graphic file (type pdf)
<use diploma_application.pdf, page 40>
[252

]
File: diploma_application.pdf Graphic file (type pdf)
<use diploma_application.pdf, page 41>
File: diploma_application.pdf Graphic file (type pdf)
<use diploma_application.pdf, page 41>


File: diploma_application.pdf Graphic file (type pdf)
<use diploma_application.pdf, page 41>
[253

]
File: diploma_application.pdf Graphic file (type pdf)
<use diploma_application.pdf, page 42>
File: diploma_application.pdf Graphic file (type pdf)
<use diploma_application.pdf, page 42>


File: diploma_application.pdf Graphic file (type pdf)
<use diploma_application.pdf, page 42>
[254

]
File: diploma_application.pdf Graphic file (type pdf)
<use diploma_application.pdf, page 43>
File: diploma_application.pdf Graphic file (type pdf)
<use diploma_application.pdf, page 43>


File: diploma_application.pdf Graphic file (type pdf)
<use diploma_application.pdf, page 43>
[255

]
File: diploma_application.pdf Graphic file (type pdf)
<use diploma_application.pdf, page 44>
File: diploma_application.pdf Graphic file (type pdf)
<use diploma_application.pdf, page 44>


File: diploma_application.pdf Graphic file (type pdf)
<use diploma_application.pdf, page 44>
[256

]
File: diploma_application.pdf Graphic file (type pdf)
<use diploma_application.pdf, page 45>
File: diploma_application.pdf Graphic file (type pdf)
<use diploma_application.pdf, page 45>


File: diploma_application.pdf Graphic file (type pdf)
<use diploma_application.pdf, page 45>
[257

]
File: diploma_application.pdf Graphic file (type pdf)
<use diploma_application.pdf, page 46>
File: diploma_application.pdf Graphic file (type pdf)
<use diploma_application.pdf, page 46>


File: diploma_application.pdf Graphic file (type pdf)
<use diploma_application.pdf, page 46>
[258

]
File: diploma_application.pdf Graphic file (type pdf)
<use diploma_application.pdf, page 47>
File: diploma_application.pdf Graphic file (type pdf)
<use diploma_application.pdf, page 47>


File: diploma_application.pdf Graphic file (type pdf)
<use diploma_application.pdf, page 47>
[259

]
File: diploma_application.pdf Graphic file (type pdf)
<use diploma_application.pdf, page 48>
File: diploma_application.pdf Graphic file (type pdf)
<use diploma_application.pdf, page 48>


File: diploma_application.pdf Graphic file (type pdf)
<use diploma_application.pdf, page 48>
[260

]
File: diploma_application.pdf Graphic file (type pdf)
<use diploma_application.pdf, page 49>
File: diploma_application.pdf Graphic file (type pdf)
<use diploma_application.pdf, page 49>


File: diploma_application.pdf Graphic file (type pdf)
<use diploma_application.pdf, page 49>
[261

]
File: diploma_application.pdf Graphic file (type pdf)
<use diploma_application.pdf, page 50>
File: diploma_application.pdf Graphic file (type pdf)
<use diploma_application.pdf, page 50>


File: diploma_application.pdf Graphic file (type pdf)
<use diploma_application.pdf, page 50>
[262

]
File: diploma_application.pdf Graphic file (type pdf)
<use diploma_application.pdf, page 51>
File: diploma_application.pdf Graphic file (type pdf)
<use diploma_application.pdf, page 51>


File: diploma_application.pdf Graphic file (type pdf)
<use diploma_application.pdf, page 51>
[263

]
File: diploma_application.pdf Graphic file (type pdf)
<use diploma_application.pdf, page 52>
File: diploma_application.pdf Graphic file (type pdf)
<use diploma_application.pdf, page 52>


File: diploma_application.pdf Graphic file (type pdf)
<use diploma_application.pdf, page 52>
[264

]
File: diploma_application.pdf Graphic file (type pdf)
<use diploma_application.pdf, page 53>
File: diploma_application.pdf Graphic file (type pdf)
<use diploma_application.pdf, page 53>


File: diploma_application.pdf Graphic file (type pdf)
<use diploma_application.pdf, page 53>
[265

]
File: diploma_application.pdf Graphic file (type pdf)
<use diploma_application.pdf, page 54>
File: diploma_application.pdf Graphic file (type pdf)
<use diploma_application.pdf, page 54>


File: diploma_application.pdf Graphic file (type pdf)
<use diploma_application.pdf, page 54>
[266

]
File: diploma_application.pdf Graphic file (type pdf)
<use diploma_application.pdf, page 55>
File: diploma_application.pdf Graphic file (type pdf)
<use diploma_application.pdf, page 55>


File: diploma_application.pdf Graphic file (type pdf)
<use diploma_application.pdf, page 55>
[267

]
File: diploma_application.pdf Graphic file (type pdf)
<use diploma_application.pdf, page 56>
File: diploma_application.pdf Graphic file (type pdf)
<use diploma_application.pdf, page 56>


File: diploma_application.pdf Graphic file (type pdf)
<use diploma_application.pdf, page 56>
[268

]
File: diploma_application.pdf Graphic file (type pdf)
<use diploma_application.pdf, page 57>
File: diploma_application.pdf Graphic file (type pdf)
<use diploma_application.pdf, page 57>


File: diploma_application.pdf Graphic file (type pdf)
<use diploma_application.pdf, page 57>
[269

]
File: diploma_application.pdf Graphic file (type pdf)
<use diploma_application.pdf, page 58>
File: diploma_application.pdf Graphic file (type pdf)
<use diploma_application.pdf, page 58>


File: diploma_application.pdf Graphic file (type pdf)
<use diploma_application.pdf, page 58>
[270

]
File: diploma_application.pdf Graphic file (type pdf)
<use diploma_application.pdf, page 59>
File: diploma_application.pdf Graphic file (type pdf)
<use diploma_application.pdf, page 59>


File: diploma_application.pdf Graphic file (type pdf)
<use diploma_application.pdf, page 59>
[271

]
File: diploma_application.pdf Graphic file (type pdf)
<use diploma_application.pdf, page 60>
File: diploma_application.pdf Graphic file (type pdf)
<use diploma_application.pdf, page 60>


File: diploma_application.pdf Graphic file (type pdf)
<use diploma_application.pdf, page 60>
[272

]
File: diploma_application.pdf Graphic file (type pdf)
<use diploma_application.pdf, page 61>
File: diploma_application.pdf Graphic file (type pdf)
<use diploma_application.pdf, page 61>


File: diploma_application.pdf Graphic file (type pdf)
<use diploma_application.pdf, page 61>
[273

]
File: diploma_application.pdf Graphic file (type pdf)
<use diploma_application.pdf, page 62>
File: diploma_application.pdf Graphic file (type pdf)
<use diploma_application.pdf, page 62>


File: diploma_application.pdf Graphic file (type pdf)
<use diploma_application.pdf, page 62>
[274

]
File: diploma_application.pdf Graphic file (type pdf)
<use diploma_application.pdf, page 63>
File: diploma_application.pdf Graphic file (type pdf)
<use diploma_application.pdf, page 63>


File: diploma_application.pdf Graphic file (type pdf)
<use diploma_application.pdf, page 63>
[275

]
runsystem(latexminted cleantemp  --timestamp 20250608113939 FAD58DE7366495DB465
0CFEFAC2FCD61)...executed safely (allowed).

 (./main.aux (./macros.aux) (./tocpage.aux) (./Chapters/introduction.aux)
(./Chapters/first_chapter_business.aux) (./Chapters/sixth_chapter_mobile_ui.aux
) (./Chapters/second_chapter_backend_architecture.aux)
(./Chapters/forth_chapter_mobile_architecture.aux)
(./Chapters/fifth_chapter_mobile_implementation.aux)
(./Chapters/third_chapter_backend_implementation.aux)
(./Chapters/conclustion.aux) (./bibpage.aux))
 ***********
LaTeX2e <2024-11-01> patch level 2
L3 programming layer <2025-01-18>
 ***********


LaTeX Warning: Label(s) may have changed. Rerun to get cross-references right.

Package rerunfilecheck Info: File `main.out' has not changed.
(rerunfilecheck)             Checksum: 27E656C2B19A621A75C2A7F31854D7B2;12333.
 ) 
Here is how much of TeX's memory you used:
 32587 strings out of 473832
 706357 string characters out of 5729481
 1232707 words of memory out of 5000000
 55001 multiletter control sequences out of 15000+600000
 564702 words of font info for 118 fonts, out of 8000000 for 9000
 1348 hyphenation exceptions out of 8191
 100i,17n,112p,1987b,845s stack positions out of 10000i,1000n,20000p,200000b,200000s

Output written on main.pdf (275 pages).
